<?xml version="1.0" encoding="UTF-8"?>
<testsuite xmlns:xsi="http://www.w3.org/2001/XMLSchema-instance" xsi:noNamespaceSchemaLocation="https://maven.apache.org/surefire/maven-surefire-plugin/xsd/surefire-test-report-3.0.xsd" version="3.0" name="tests.ParallelRunnerTest" time="25.13" tests="9" errors="0" skipped="0" failures="0">
  <properties>
[...]
</properties>
  <testcase name="createTransactions" classname="tests.ParallelRunnerTest" time="8.001">
    <system-out><![CDATA[11:23:44.071 [main] DEBUG com.intuit.karate.Suite - [config] classpath:karate-config.js
11:23:44.843 [main] INFO  com.intuit.karate - karate.env system property was: null 
11:23:45.114 [main] DEBUG com.intuit.karate - request:
1 > POST https://vx5846dgdj.execute-api.us-east-1.amazonaws.com/dev/transactions
1 > Content-Type: application/json; charset=UTF-8
1 > Accept: application/json
1 > Content-Length: 124
1 > Host: vx5846dgdj.execute-api.us-east-1.amazonaws.com
1 > Connection: Keep-Alive
1 > User-Agent: Apache-HttpClient/4.5.14 (Java/23.0.1)
1 > Accept-Encoding: gzip,deflate
{"transactionId":"txn201","name":"Alice","title":"Payment","amount":100,"currency":"USD","timestamp":"2024-05-01T10:00:00Z"}

11:23:45.471 [main] DEBUG com.intuit.karate - response time in milliseconds: 354
1 < 201
1 < Date: Wed, 21 May 2025 15:23:45 GMT
1 < Content-Type: application/json
1 < Content-Length: 148
1 < Connection: keep-alive
1 < Apigw-Requestid: K7JwSiRCoAMEPKA=
{"name": "Alice", "title": "Payment", "amount": 100.0, "currency": "USD", "timestamp": "2024-05-01T10:00:00Z", "id": "txn201", "message": "SUCCESS"}

11:23:45.561 [main] DEBUG com.intuit.karate - request:
1 > POST https://vx5846dgdj.execute-api.us-east-1.amazonaws.com/dev/transactions
1 > Content-Type: application/json; charset=UTF-8
1 > Accept: application/json
1 > Content-Length: 122
1 > Host: vx5846dgdj.execute-api.us-east-1.amazonaws.com
1 > Connection: Keep-Alive
1 > User-Agent: Apache-HttpClient/4.5.14 (Java/23.0.1)
1 > Accept-Encoding: gzip,deflate
{"transactionId":"txn202","name":"Bob","title":"Invoice","amount":200,"currency":"USD","timestamp":"2024-05-02T15:30:00Z"}

11:23:45.765 [main] DEBUG com.intuit.karate - response time in milliseconds: 203
1 < 201
1 < Date: Wed, 21 May 2025 15:23:45 GMT
1 < Content-Type: application/json
1 < Content-Length: 146
1 < Connection: keep-alive
1 < Apigw-Requestid: K7JwVghJoAMEZog=
{"name": "Bob", "title": "Invoice", "amount": 200.0, "currency": "USD", "timestamp": "2024-05-02T15:30:00Z", "id": "txn202", "message": "SUCCESS"}

11:23:45.779 [main] DEBUG com.intuit.karate - request:
1 > POST https://vx5846dgdj.execute-api.us-east-1.amazonaws.com/dev/transactions
1 > Content-Type: application/json; charset=UTF-8
1 > Accept: application/json
1 > Content-Length: 125
1 > Host: vx5846dgdj.execute-api.us-east-1.amazonaws.com
1 > Connection: Keep-Alive
1 > User-Agent: Apache-HttpClient/4.5.14 (Java/23.0.1)
1 > Accept-Encoding: gzip,deflate
{"transactionId":"txn203","name":"Charlie","title":"Refund","amount":150,"currency":"USD","timestamp":"2024-05-03T09:45:00Z"}

11:23:45.963 [main] DEBUG com.intuit.karate - response time in milliseconds: 183
1 < 201
1 < Date: Wed, 21 May 2025 15:23:46 GMT
1 < Content-Type: application/json
1 < Content-Length: 149
1 < Connection: keep-alive
1 < Apigw-Requestid: K7JwXhUnIAMEP3A=
{"name": "Charlie", "title": "Refund", "amount": 150.0, "currency": "USD", "timestamp": "2024-05-03T09:45:00Z", "id": "txn203", "message": "SUCCESS"}

11:23:45.979 [main] DEBUG com.intuit.karate - request:
1 > POST https://vx5846dgdj.execute-api.us-east-1.amazonaws.com/dev/transactions
1 > Content-Type: application/json; charset=UTF-8
1 > Accept: application/json
1 > Content-Length: 124
1 > Host: vx5846dgdj.execute-api.us-east-1.amazonaws.com
1 > Connection: Keep-Alive
1 > User-Agent: Apache-HttpClient/4.5.14 (Java/23.0.1)
1 > Accept-Encoding: gzip,deflate
{"transactionId":"txn204","name":"Diana","title":"Payment","amount":250,"currency":"USD","timestamp":"2024-05-04T11:20:00Z"}

11:23:46.164 [main] DEBUG com.intuit.karate - response time in milliseconds: 184
1 < 201
1 < Date: Wed, 21 May 2025 15:23:46 GMT
1 < Content-Type: application/json
1 < Content-Length: 148
1 < Connection: keep-alive
1 < Apigw-Requestid: K7JwZgyuIAMEPVg=
{"name": "Diana", "title": "Payment", "amount": 250.0, "currency": "USD", "timestamp": "2024-05-04T11:20:00Z", "id": "txn204", "message": "SUCCESS"}

11:23:46.174 [main] DEBUG com.intuit.karate - request:
1 > POST https://vx5846dgdj.execute-api.us-east-1.amazonaws.com/dev/transactions
1 > Content-Type: application/json; charset=UTF-8
1 > Accept: application/json
1 > Content-Length: 124
1 > Host: vx5846dgdj.execute-api.us-east-1.amazonaws.com
1 > Connection: Keep-Alive
1 > User-Agent: Apache-HttpClient/4.5.14 (Java/23.0.1)
1 > Accept-Encoding: gzip,deflate
{"transactionId":"txn205","name":"Ethan","title":"Invoice","amount":300,"currency":"USD","timestamp":"2024-05-05T13:10:00Z"}

11:23:46.346 [main] DEBUG com.intuit.karate - response time in milliseconds: 171
1 < 201
1 < Date: Wed, 21 May 2025 15:23:46 GMT
1 < Content-Type: application/json
1 < Content-Length: 148
1 < Connection: keep-alive
1 < Apigw-Requestid: K7JwbiU7IAMEPHA=
{"name": "Ethan", "title": "Invoice", "amount": 300.0, "currency": "USD", "timestamp": "2024-05-05T13:10:00Z", "id": "txn205", "message": "SUCCESS"}

11:23:46.355 [main] DEBUG com.intuit.karate - request:
1 > POST https://vx5846dgdj.execute-api.us-east-1.amazonaws.com/dev/transactions
1 > Content-Type: application/json; charset=UTF-8
1 > Accept: application/json
1 > Content-Length: 124
1 > Host: vx5846dgdj.execute-api.us-east-1.amazonaws.com
1 > Connection: Keep-Alive
1 > User-Agent: Apache-HttpClient/4.5.14 (Java/23.0.1)
1 > Accept-Encoding: gzip,deflate
{"transactionId":"txn206","name":"Fiona","title":"Payment","amount":120,"currency":"USD","timestamp":"2024-05-06T14:00:00Z"}

11:23:46.525 [main] DEBUG com.intuit.karate - response time in milliseconds: 170
1 < 201
1 < Date: Wed, 21 May 2025 15:23:46 GMT
1 < Content-Type: application/json
1 < Content-Length: 148
1 < Connection: keep-alive
1 < Apigw-Requestid: K7JwdgfuoAMEZIg=
{"name": "Fiona", "title": "Payment", "amount": 120.0, "currency": "USD", "timestamp": "2024-05-06T14:00:00Z", "id": "txn206", "message": "SUCCESS"}

11:23:46.535 [main] DEBUG com.intuit.karate - request:
1 > POST https://vx5846dgdj.execute-api.us-east-1.amazonaws.com/dev/transactions
1 > Content-Type: application/json; charset=UTF-8
1 > Accept: application/json
1 > Content-Length: 124
1 > Host: vx5846dgdj.execute-api.us-east-1.amazonaws.com
1 > Connection: Keep-Alive
1 > User-Agent: Apache-HttpClient/4.5.14 (Java/23.0.1)
1 > Accept-Encoding: gzip,deflate
{"transactionId":"txn207","name":"George","title":"Refund","amount":180,"currency":"USD","timestamp":"2024-05-07T16:00:00Z"}

11:23:46.724 [main] DEBUG com.intuit.karate - response time in milliseconds: 187
1 < 201
1 < Date: Wed, 21 May 2025 15:23:46 GMT
1 < Content-Type: application/json
1 < Content-Length: 148
1 < Connection: keep-alive
1 < Apigw-Requestid: K7JwfiMYoAMEPog=
{"name": "George", "title": "Refund", "amount": 180.0, "currency": "USD", "timestamp": "2024-05-07T16:00:00Z", "id": "txn207", "message": "SUCCESS"}

11:23:46.733 [main] DEBUG com.intuit.karate - request:
1 > POST https://vx5846dgdj.execute-api.us-east-1.amazonaws.com/dev/transactions
1 > Content-Type: application/json; charset=UTF-8
1 > Accept: application/json
1 > Content-Length: 125
1 > Host: vx5846dgdj.execute-api.us-east-1.amazonaws.com
1 > Connection: Keep-Alive
1 > User-Agent: Apache-HttpClient/4.5.14 (Java/23.0.1)
1 > Accept-Encoding: gzip,deflate
{"transactionId":"txn208","name":"Hannah","title":"Invoice","amount":220,"currency":"USD","timestamp":"2024-05-08T10:15:00Z"}

11:23:46.906 [main] DEBUG com.intuit.karate - response time in milliseconds: 173
1 < 201
1 < Date: Wed, 21 May 2025 15:23:47 GMT
1 < Content-Type: application/json
1 < Content-Length: 149
1 < Connection: keep-alive
1 < Apigw-Requestid: K7JwhggwIAMEZIg=
{"name": "Hannah", "title": "Invoice", "amount": 220.0, "currency": "USD", "timestamp": "2024-05-08T10:15:00Z", "id": "txn208", "message": "SUCCESS"}

11:23:46.915 [main] DEBUG com.intuit.karate - request:
1 > POST https://vx5846dgdj.execute-api.us-east-1.amazonaws.com/dev/transactions
1 > Content-Type: application/json; charset=UTF-8
1 > Accept: application/json
1 > Content-Length: 122
1 > Host: vx5846dgdj.execute-api.us-east-1.amazonaws.com
1 > Connection: Keep-Alive
1 > User-Agent: Apache-HttpClient/4.5.14 (Java/23.0.1)
1 > Accept-Encoding: gzip,deflate
{"transactionId":"txn209","name":"Ian","title":"Payment","amount":140,"currency":"USD","timestamp":"2024-05-09T09:00:00Z"}

11:23:47.084 [main] DEBUG com.intuit.karate - response time in milliseconds: 169
1 < 201
1 < Date: Wed, 21 May 2025 15:23:47 GMT
1 < Content-Type: application/json
1 < Content-Length: 146
1 < Connection: keep-alive
1 < Apigw-Requestid: K7JwigH1IAMEPvg=
{"name": "Ian", "title": "Payment", "amount": 140.0, "currency": "USD", "timestamp": "2024-05-09T09:00:00Z", "id": "txn209", "message": "SUCCESS"}

11:23:47.092 [main] DEBUG com.intuit.karate - request:
1 > POST https://vx5846dgdj.execute-api.us-east-1.amazonaws.com/dev/transactions
1 > Content-Type: application/json; charset=UTF-8
1 > Accept: application/json
1 > Content-Length: 122
1 > Host: vx5846dgdj.execute-api.us-east-1.amazonaws.com
1 > Connection: Keep-Alive
1 > User-Agent: Apache-HttpClient/4.5.14 (Java/23.0.1)
1 > Accept-Encoding: gzip,deflate
{"transactionId":"txn210","name":"Jill","title":"Refund","amount":160,"currency":"USD","timestamp":"2024-05-10T12:00:00Z"}

11:23:47.264 [main] DEBUG com.intuit.karate - response time in milliseconds: 171
1 < 201
1 < Date: Wed, 21 May 2025 15:23:47 GMT
1 < Content-Type: application/json
1 < Content-Length: 146
1 < Connection: keep-alive
1 < Apigw-Requestid: K7Jwkjp1oAMEZkw=
{"name": "Jill", "title": "Refund", "amount": 160.0, "currency": "USD", "timestamp": "2024-05-10T12:00:00Z", "id": "txn210", "message": "SUCCESS"}

11:23:47.272 [main] DEBUG com.intuit.karate - request:
1 > POST https://vx5846dgdj.execute-api.us-east-1.amazonaws.com/dev/transactions
1 > Content-Type: application/json; charset=UTF-8
1 > Accept: application/json
1 > Content-Length: 124
1 > Host: vx5846dgdj.execute-api.us-east-1.amazonaws.com
1 > Connection: Keep-Alive
1 > User-Agent: Apache-HttpClient/4.5.14 (Java/23.0.1)
1 > Accept-Encoding: gzip,deflate
{"transactionId":"txn211","name":"Kevin","title":"Invoice","amount":240,"currency":"USD","timestamp":"2024-05-11T11:30:00Z"}

11:23:47.443 [main] DEBUG com.intuit.karate - response time in milliseconds: 171
1 < 201
1 < Date: Wed, 21 May 2025 15:23:47 GMT
1 < Content-Type: application/json
1 < Content-Length: 148
1 < Connection: keep-alive
1 < Apigw-Requestid: K7JwmjtWoAMEZVg=
{"name": "Kevin", "title": "Invoice", "amount": 240.0, "currency": "USD", "timestamp": "2024-05-11T11:30:00Z", "id": "txn211", "message": "SUCCESS"}

11:23:47.461 [main] DEBUG com.intuit.karate - request:
1 > POST https://vx5846dgdj.execute-api.us-east-1.amazonaws.com/dev/transactions
1 > Content-Type: application/json; charset=UTF-8
1 > Accept: application/json
1 > Content-Length: 123
1 > Host: vx5846dgdj.execute-api.us-east-1.amazonaws.com
1 > Connection: Keep-Alive
1 > User-Agent: Apache-HttpClient/4.5.14 (Java/23.0.1)
1 > Accept-Encoding: gzip,deflate
{"transactionId":"txn212","name":"Lena","title":"Payment","amount":260,"currency":"USD","timestamp":"2024-05-12T08:00:00Z"}

11:23:47.626 [main] DEBUG com.intuit.karate - response time in milliseconds: 163
1 < 201
1 < Date: Wed, 21 May 2025 15:23:47 GMT
1 < Content-Type: application/json
1 < Content-Length: 147
1 < Connection: keep-alive
1 < Apigw-Requestid: K7JwoirSoAMEPHw=
{"name": "Lena", "title": "Payment", "amount": 260.0, "currency": "USD", "timestamp": "2024-05-12T08:00:00Z", "id": "txn212", "message": "SUCCESS"}

11:23:47.633 [main] DEBUG com.intuit.karate - request:
1 > POST https://vx5846dgdj.execute-api.us-east-1.amazonaws.com/dev/transactions
1 > Content-Type: application/json; charset=UTF-8
1 > Accept: application/json
1 > Content-Length: 123
1 > Host: vx5846dgdj.execute-api.us-east-1.amazonaws.com
1 > Connection: Keep-Alive
1 > User-Agent: Apache-HttpClient/4.5.14 (Java/23.0.1)
1 > Accept-Encoding: gzip,deflate
{"transactionId":"txn213","name":"Mike","title":"Invoice","amount":300,"currency":"USD","timestamp":"2024-05-13T17:00:00Z"}

11:23:47.811 [main] DEBUG com.intuit.karate - response time in milliseconds: 176
1 < 201
1 < Date: Wed, 21 May 2025 15:23:47 GMT
1 < Content-Type: application/json
1 < Content-Length: 147
1 < Connection: keep-alive
1 < Apigw-Requestid: K7Jwqg67oAMEZsw=
{"name": "Mike", "title": "Invoice", "amount": 300.0, "currency": "USD", "timestamp": "2024-05-13T17:00:00Z", "id": "txn213", "message": "SUCCESS"}

11:23:47.818 [main] DEBUG com.intuit.karate - request:
1 > POST https://vx5846dgdj.execute-api.us-east-1.amazonaws.com/dev/transactions
1 > Content-Type: application/json; charset=UTF-8
1 > Accept: application/json
1 > Content-Length: 122
1 > Host: vx5846dgdj.execute-api.us-east-1.amazonaws.com
1 > Connection: Keep-Alive
1 > User-Agent: Apache-HttpClient/4.5.14 (Java/23.0.1)
1 > Accept-Encoding: gzip,deflate
{"transactionId":"txn214","name":"Nina","title":"Refund","amount":130,"currency":"USD","timestamp":"2024-05-14T14:30:00Z"}

11:23:47.969 [main] DEBUG com.intuit.karate - response time in milliseconds: 151
1 < 201
1 < Date: Wed, 21 May 2025 15:23:48 GMT
1 < Content-Type: application/json
1 < Content-Length: 146
1 < Connection: keep-alive
1 < Apigw-Requestid: K7JwrgKpoAMEPvg=
{"name": "Nina", "title": "Refund", "amount": 130.0, "currency": "USD", "timestamp": "2024-05-14T14:30:00Z", "id": "txn214", "message": "SUCCESS"}

11:23:47.975 [main] DEBUG com.intuit.karate - request:
1 > POST https://vx5846dgdj.execute-api.us-east-1.amazonaws.com/dev/transactions
1 > Content-Type: application/json; charset=UTF-8
1 > Accept: application/json
1 > Content-Length: 123
1 > Host: vx5846dgdj.execute-api.us-east-1.amazonaws.com
1 > Connection: Keep-Alive
1 > User-Agent: Apache-HttpClient/4.5.14 (Java/23.0.1)
1 > Accept-Encoding: gzip,deflate
{"transactionId":"txn215","name":"Owen","title":"Payment","amount":280,"currency":"USD","timestamp":"2024-05-15T10:20:00Z"}

11:23:48.144 [main] DEBUG com.intuit.karate - response time in milliseconds: 168
1 < 201
1 < Date: Wed, 21 May 2025 15:23:48 GMT
1 < Content-Type: application/json
1 < Content-Length: 147
1 < Connection: keep-alive
1 < Apigw-Requestid: K7JwtgSioAMEZhw=
{"name": "Owen", "title": "Payment", "amount": 280.0, "currency": "USD", "timestamp": "2024-05-15T10:20:00Z", "id": "txn215", "message": "SUCCESS"}

11:23:48.151 [main] DEBUG com.intuit.karate - request:
1 > POST https://vx5846dgdj.execute-api.us-east-1.amazonaws.com/dev/transactions
1 > Content-Type: application/json; charset=UTF-8
1 > Accept: application/json
1 > Content-Length: 124
1 > Host: vx5846dgdj.execute-api.us-east-1.amazonaws.com
1 > Connection: Keep-Alive
1 > User-Agent: Apache-HttpClient/4.5.14 (Java/23.0.1)
1 > Accept-Encoding: gzip,deflate
{"transactionId":"txn216","name":"Paula","title":"Invoice","amount":190,"currency":"USD","timestamp":"2024-05-16T09:50:00Z"}

11:23:48.306 [main] DEBUG com.intuit.karate - response time in milliseconds: 155
1 < 201
1 < Date: Wed, 21 May 2025 15:23:48 GMT
1 < Content-Type: application/json
1 < Content-Length: 148
1 < Connection: keep-alive
1 < Apigw-Requestid: K7JwvhAtoAMEPMQ=
{"name": "Paula", "title": "Invoice", "amount": 190.0, "currency": "USD", "timestamp": "2024-05-16T09:50:00Z", "id": "txn216", "message": "SUCCESS"}

11:23:48.313 [main] DEBUG com.intuit.karate - request:
1 > POST https://vx5846dgdj.execute-api.us-east-1.amazonaws.com/dev/transactions
1 > Content-Type: application/json; charset=UTF-8
1 > Accept: application/json
1 > Content-Length: 123
1 > Host: vx5846dgdj.execute-api.us-east-1.amazonaws.com
1 > Connection: Keep-Alive
1 > User-Agent: Apache-HttpClient/4.5.14 (Java/23.0.1)
1 > Accept-Encoding: gzip,deflate
{"transactionId":"txn217","name":"Quinn","title":"Refund","amount":110,"currency":"USD","timestamp":"2024-05-17T13:40:00Z"}

11:23:48.490 [main] DEBUG com.intuit.karate - response time in milliseconds: 176
1 < 201
1 < Date: Wed, 21 May 2025 15:23:48 GMT
1 < Content-Type: application/json
1 < Content-Length: 147
1 < Connection: keep-alive
1 < Apigw-Requestid: K7JwwgK8oAMEZFQ=
{"name": "Quinn", "title": "Refund", "amount": 110.0, "currency": "USD", "timestamp": "2024-05-17T13:40:00Z", "id": "txn217", "message": "SUCCESS"}

11:23:48.497 [main] DEBUG com.intuit.karate - request:
1 > POST https://vx5846dgdj.execute-api.us-east-1.amazonaws.com/dev/transactions
1 > Content-Type: application/json; charset=UTF-8
1 > Accept: application/json
1 > Content-Length: 125
1 > Host: vx5846dgdj.execute-api.us-east-1.amazonaws.com
1 > Connection: Keep-Alive
1 > User-Agent: Apache-HttpClient/4.5.14 (Java/23.0.1)
1 > Accept-Encoding: gzip,deflate
{"transactionId":"txn218","name":"Rachel","title":"Payment","amount":210,"currency":"USD","timestamp":"2024-05-18T15:15:00Z"}

11:23:48.684 [main] DEBUG com.intuit.karate - response time in milliseconds: 187
1 < 201
1 < Date: Wed, 21 May 2025 15:23:48 GMT
1 < Content-Type: application/json
1 < Content-Length: 149
1 < Connection: keep-alive
1 < Apigw-Requestid: K7Jwyh8TIAMEZ0Q=
{"name": "Rachel", "title": "Payment", "amount": 210.0, "currency": "USD", "timestamp": "2024-05-18T15:15:00Z", "id": "txn218", "message": "SUCCESS"}

11:23:48.690 [main] DEBUG com.intuit.karate - request:
1 > POST https://vx5846dgdj.execute-api.us-east-1.amazonaws.com/dev/transactions
1 > Content-Type: application/json; charset=UTF-8
1 > Accept: application/json
1 > Content-Length: 124
1 > Host: vx5846dgdj.execute-api.us-east-1.amazonaws.com
1 > Connection: Keep-Alive
1 > User-Agent: Apache-HttpClient/4.5.14 (Java/23.0.1)
1 > Accept-Encoding: gzip,deflate
{"transactionId":"txn219","name":"Steve","title":"Invoice","amount":270,"currency":"USD","timestamp":"2024-05-19T16:25:00Z"}

11:23:48.865 [main] DEBUG com.intuit.karate - response time in milliseconds: 175
1 < 201
1 < Date: Wed, 21 May 2025 15:23:48 GMT
1 < Content-Type: application/json
1 < Content-Length: 148
1 < Connection: keep-alive
1 < Apigw-Requestid: K7Jw0g4iIAMEP4w=
{"name": "Steve", "title": "Invoice", "amount": 270.0, "currency": "USD", "timestamp": "2024-05-19T16:25:00Z", "id": "txn219", "message": "SUCCESS"}

11:23:48.872 [main] DEBUG com.intuit.karate - request:
1 > POST https://vx5846dgdj.execute-api.us-east-1.amazonaws.com/dev/transactions
1 > Content-Type: application/json; charset=UTF-8
1 > Accept: application/json
1 > Content-Length: 122
1 > Host: vx5846dgdj.execute-api.us-east-1.amazonaws.com
1 > Connection: Keep-Alive
1 > User-Agent: Apache-HttpClient/4.5.14 (Java/23.0.1)
1 > Accept-Encoding: gzip,deflate
{"transactionId":"txn220","name":"Tina","title":"Refund","amount":170,"currency":"USD","timestamp":"2024-05-20T12:05:00Z"}

11:23:49.045 [main] DEBUG com.intuit.karate - response time in milliseconds: 172
1 < 201
1 < Date: Wed, 21 May 2025 15:23:49 GMT
1 < Content-Type: application/json
1 < Content-Length: 146
1 < Connection: keep-alive
1 < Apigw-Requestid: K7Jw2gYuoAMEPqQ=
{"name": "Tina", "title": "Refund", "amount": 170.0, "currency": "USD", "timestamp": "2024-05-20T12:05:00Z", "id": "txn220", "message": "SUCCESS"}

11:23:49.051 [main] DEBUG com.intuit.karate - request:
1 > POST https://vx5846dgdj.execute-api.us-east-1.amazonaws.com/dev/transactions
1 > Content-Type: application/json; charset=UTF-8
1 > Accept: application/json
1 > Content-Length: 122
1 > Host: vx5846dgdj.execute-api.us-east-1.amazonaws.com
1 > Connection: Keep-Alive
1 > User-Agent: Apache-HttpClient/4.5.14 (Java/23.0.1)
1 > Accept-Encoding: gzip,deflate
{"transactionId":"txn221","name":"Uma","title":"Payment","amount":310,"currency":"USD","timestamp":"2024-05-21T08:10:00Z"}

11:23:49.205 [main] DEBUG com.intuit.karate - response time in milliseconds: 154
1 < 201
1 < Date: Wed, 21 May 2025 15:23:49 GMT
1 < Content-Type: application/json
1 < Content-Length: 146
1 < Connection: keep-alive
1 < Apigw-Requestid: K7Jw4hJMoAMEZiw=
{"name": "Uma", "title": "Payment", "amount": 310.0, "currency": "USD", "timestamp": "2024-05-21T08:10:00Z", "id": "txn221", "message": "SUCCESS"}

11:23:49.211 [main] DEBUG com.intuit.karate - request:
1 > POST https://vx5846dgdj.execute-api.us-east-1.amazonaws.com/dev/transactions
1 > Content-Type: application/json; charset=UTF-8
1 > Accept: application/json
1 > Content-Length: 125
1 > Host: vx5846dgdj.execute-api.us-east-1.amazonaws.com
1 > Connection: Keep-Alive
1 > User-Agent: Apache-HttpClient/4.5.14 (Java/23.0.1)
1 > Accept-Encoding: gzip,deflate
{"transactionId":"txn222","name":"Victor","title":"Invoice","amount":135,"currency":"USD","timestamp":"2024-05-22T11:45:00Z"}

11:23:49.403 [main] DEBUG com.intuit.karate - response time in milliseconds: 191
1 < 201
1 < Date: Wed, 21 May 2025 15:23:49 GMT
1 < Content-Type: application/json
1 < Content-Length: 149
1 < Connection: keep-alive
1 < Apigw-Requestid: K7Jw5hh1IAMEZ3g=
{"name": "Victor", "title": "Invoice", "amount": 135.0, "currency": "USD", "timestamp": "2024-05-22T11:45:00Z", "id": "txn222", "message": "SUCCESS"}

11:23:49.409 [main] DEBUG com.intuit.karate - request:
1 > POST https://vx5846dgdj.execute-api.us-east-1.amazonaws.com/dev/transactions
1 > Content-Type: application/json; charset=UTF-8
1 > Accept: application/json
1 > Content-Length: 123
1 > Host: vx5846dgdj.execute-api.us-east-1.amazonaws.com
1 > Connection: Keep-Alive
1 > User-Agent: Apache-HttpClient/4.5.14 (Java/23.0.1)
1 > Accept-Encoding: gzip,deflate
{"transactionId":"txn223","name":"Wendy","title":"Refund","amount":145,"currency":"USD","timestamp":"2024-05-23T13:30:00Z"}

11:23:49.585 [main] DEBUG com.intuit.karate - response time in milliseconds: 174
1 < 201
1 < Date: Wed, 21 May 2025 15:23:49 GMT
1 < Content-Type: application/json
1 < Content-Length: 147
1 < Connection: keep-alive
1 < Apigw-Requestid: K7Jw7hKUIAMEZiw=
{"name": "Wendy", "title": "Refund", "amount": 145.0, "currency": "USD", "timestamp": "2024-05-23T13:30:00Z", "id": "txn223", "message": "SUCCESS"}

11:23:49.591 [main] DEBUG com.intuit.karate - request:
1 > POST https://vx5846dgdj.execute-api.us-east-1.amazonaws.com/dev/transactions
1 > Content-Type: application/json; charset=UTF-8
1 > Accept: application/json
1 > Content-Length: 125
1 > Host: vx5846dgdj.execute-api.us-east-1.amazonaws.com
1 > Connection: Keep-Alive
1 > User-Agent: Apache-HttpClient/4.5.14 (Java/23.0.1)
1 > Accept-Encoding: gzip,deflate
{"transactionId":"txn224","name":"Xander","title":"Payment","amount":295,"currency":"USD","timestamp":"2024-05-24T10:50:00Z"}

11:23:49.764 [main] DEBUG com.intuit.karate - response time in milliseconds: 173
1 < 201
1 < Date: Wed, 21 May 2025 15:23:49 GMT
1 < Content-Type: application/json
1 < Content-Length: 149
1 < Connection: keep-alive
1 < Apigw-Requestid: K7Jw9gjUIAMEZKw=
{"name": "Xander", "title": "Payment", "amount": 295.0, "currency": "USD", "timestamp": "2024-05-24T10:50:00Z", "id": "txn224", "message": "SUCCESS"}

11:23:49.770 [main] DEBUG com.intuit.karate - request:
1 > POST https://vx5846dgdj.execute-api.us-east-1.amazonaws.com/dev/transactions
1 > Content-Type: application/json; charset=UTF-8
1 > Accept: application/json
1 > Content-Length: 123
1 > Host: vx5846dgdj.execute-api.us-east-1.amazonaws.com
1 > Connection: Keep-Alive
1 > User-Agent: Apache-HttpClient/4.5.14 (Java/23.0.1)
1 > Accept-Encoding: gzip,deflate
{"transactionId":"txn225","name":"Yara","title":"Invoice","amount":275,"currency":"USD","timestamp":"2024-05-25T09:15:00Z"}

11:23:49.964 [main] DEBUG com.intuit.karate - response time in milliseconds: 193
1 < 201
1 < Date: Wed, 21 May 2025 15:23:50 GMT
1 < Content-Type: application/json
1 < Content-Length: 147
1 < Connection: keep-alive
1 < Apigw-Requestid: K7Jw_hQjIAMEPPg=
{"name": "Yara", "title": "Invoice", "amount": 275.0, "currency": "USD", "timestamp": "2024-05-25T09:15:00Z", "id": "txn225", "message": "SUCCESS"}

---------------------------------------------------------
feature: classpath:tests/transactions/01-create-transactions.feature
scenarios:  1 | passed:  1 | failed:  0 | time: 5.1011
---------------------------------------------------------

11:23:50.900 [main] INFO  com.intuit.karate.Suite - <<pass>> feature 1 of 1 (0 remaining) classpath:tests/transactions/01-create-transactions.feature
Karate version: 1.5.1
======================================================
elapsed:   7.15 | threads:    1 | thread time: 5.10 
features:     1 | skipped:    0 | efficiency: 0.71
scenarios:    1 | passed:     1 | failed: 0
======================================================

HTML report: (paste into browser to view) | Karate version: 1.5.1
file:///Users/edls/NetBeansProjects/transaction-api/target/karate-reports/karate-summary.html
===================================================================


********** Files used to generate report **********
Using JSON file: /Users/edls/NetBeansProjects/transaction-api/target/karate-reports/tests.transactions.01-create-transactions.json
****************************************************







****************************************************
Report Dir: target/karate-reports
]]></system-out>
    <system-err><![CDATA[May 21, 2025 11:23:51 AM net.masterthought.cucumber.ReportParser parseJsonFiles
INFO: File '/Users/edls/NetBeansProjects/transaction-api/target/karate-reports/tests.transactions.01-create-transactions.json' contains 1 features
]]></system-err>
  </testcase>
  <testcase name="createTransactionsBad" classname="tests.ParallelRunnerTest" time="0.532">
    <system-out><![CDATA[11:23:51.479 [main] DEBUG com.intuit.karate.Suite - [config] classpath:karate-config.js
11:23:51.481 [main] INFO  com.intuit.karate.Suite - backed up existing 'target/karate-reports' dir to: target/karate-reports_1747841031479
11:23:51.485 [main] INFO  com.intuit.karate - karate.env system property was: null 
11:23:51.493 [main] DEBUG com.intuit.karate - request:
1 > POST https://vx5846dgdj.execute-api.us-east-1.amazonaws.com/dev/transactions
1 > Content-Type: application/json; charset=UTF-8
1 > Accept: application/json
1 > Content-Length: 112
1 > Host: vx5846dgdj.execute-api.us-east-1.amazonaws.com
1 > Connection: Keep-Alive
1 > User-Agent: Apache-HttpClient/4.5.14 (Java/23.0.1)
1 > Accept-Encoding: gzip,deflate
{"transactionId":"txn2001","name":"Alice","title":"Payment","currency":"USD","timestamp":"2024-05-01T10:00:00Z"}

11:23:51.612 [main] DEBUG com.intuit.karate - response time in milliseconds: 117
1 < 400
1 < Date: Wed, 21 May 2025 15:23:51 GMT
1 < Content-Type: application/json
1 < Content-Length: 38
1 < Connection: keep-alive
1 < Apigw-Requestid: K7JxQgx7oAMEPCA=
{"message": "Missing required fields"}

11:23:51.619 [main] DEBUG com.intuit.karate - request:
1 > POST https://vx5846dgdj.execute-api.us-east-1.amazonaws.com/dev/transactions
1 > Content-Type: application/json; charset=UTF-8
1 > Accept: application/json
1 > Content-Length: 110
1 > Host: vx5846dgdj.execute-api.us-east-1.amazonaws.com
1 > Connection: Keep-Alive
1 > User-Agent: Apache-HttpClient/4.5.14 (Java/23.0.1)
1 > Accept-Encoding: gzip,deflate
{"transactionId":"txn2002","name":"Bob","title":"Invoice","currency":"USD","timestamp":"2024-05-02T15:30:00Z"}

11:23:51.746 [main] DEBUG com.intuit.karate - response time in milliseconds: 126
1 < 400
1 < Date: Wed, 21 May 2025 15:23:51 GMT
1 < Content-Type: application/json
1 < Content-Length: 38
1 < Connection: keep-alive
1 < Apigw-Requestid: K7JxSi8roAMEZTg=
{"message": "Missing required fields"}

---------------------------------------------------------
feature: classpath:tests/transactions/02-create-transactions-bad.feature
scenarios:  1 | passed:  1 | failed:  0 | time: 0.2612
---------------------------------------------------------

11:23:51.823 [main] INFO  com.intuit.karate.Suite - <<pass>> feature 1 of 1 (0 remaining) classpath:tests/transactions/02-create-transactions-bad.feature
Karate version: 1.5.1
======================================================
elapsed:   0.35 | threads:    1 | thread time: 0.26 
features:     1 | skipped:    0 | efficiency: 0.76
scenarios:    1 | passed:     1 | failed: 0
======================================================

HTML report: (paste into browser to view) | Karate version: 1.5.1
file:///Users/edls/NetBeansProjects/transaction-api/target/karate-reports/karate-summary.html
===================================================================


********** Files used to generate report **********
Using JSON file: /Users/edls/NetBeansProjects/transaction-api/target/karate-reports/tests.transactions.02-create-transactions-bad.json
****************************************************
]]></system-out>
    <system-err><![CDATA[May 21, 2025 11:23:51 AM net.masterthought.cucumber.ReportParser parseJsonFiles
INFO: File '/Users/edls/NetBeansProjects/transaction-api/target/karate-reports/tests.transactions.02-create-transactions-bad.json' contains 1 features
]]></system-err>
  </testcase>
  <testcase name="getAllTransactions" classname="tests.ParallelRunnerTest" time="0.364">
    <system-out><![CDATA[11:23:52.013 [main] DEBUG com.intuit.karate.Suite - [config] classpath:karate-config.js
11:23:52.013 [main] INFO  com.intuit.karate.Suite - backed up existing 'target/karate-reports' dir to: target/karate-reports_1747841032013
11:23:52.017 [main] INFO  com.intuit.karate - karate.env system property was: null 
11:23:52.020 [main] DEBUG com.intuit.karate - request:
1 > GET https://vx5846dgdj.execute-api.us-east-1.amazonaws.com/dev/transactions
1 > Content-Type: application/json
1 > Accept: application/json
1 > Host: vx5846dgdj.execute-api.us-east-1.amazonaws.com
1 > Connection: Keep-Alive
1 > User-Agent: Apache-HttpClient/4.5.14 (Java/23.0.1)
1 > Accept-Encoding: gzip,deflate


11:23:52.162 [main] DEBUG com.intuit.karate - response time in milliseconds: 142
1 < 200
1 < Date: Wed, 21 May 2025 15:23:52 GMT
1 < Content-Type: application/json
1 < Content-Length: 3187
1 < Connection: keep-alive
1 < Apigw-Requestid: K7JxWgkxoAMEZKg=
[{"amount": 100.0, "currency": "USD", "id": "txn201", "name": "Alice", "title": "Payment", "timestamp": "2024-05-01T10:00:00Z"}, {"amount": 190.0, "currency": "USD", "id": "txn216", "name": "Paula", "title": "Invoice", "timestamp": "2024-05-16T09:50:00Z"}, {"amount": 170.0, "currency": "USD", "id": "txn220", "name": "Tina", "title": "Refund", "timestamp": "2024-05-20T12:05:00Z"}, {"amount": 250.0, "currency": "USD", "id": "txn204", "name": "Diana", "title": "Payment", "timestamp": "2024-05-04T11:20:00Z"}, {"amount": 260.0, "currency": "USD", "id": "txn212", "name": "Lena", "title": "Payment", "timestamp": "2024-05-12T08:00:00Z"}, {"amount": 120.0, "currency": "USD", "id": "txn206", "name": "Fiona", "title": "Payment", "timestamp": "2024-05-06T14:00:00Z"}, {"amount": 160.0, "currency": "USD", "id": "txn210", "name": "Jill", "title": "Refund", "timestamp": "2024-05-10T12:00:00Z"}, {"amount": 300.0, "currency": "USD", "id": "txn213", "name": "Mike", "title": "Invoice", "timestamp": "2024-05-13T17:00:00Z"}, {"amount": 280.0, "currency": "USD", "id": "txn215", "name": "Owen", "title": "Payment", "timestamp": "2024-05-15T10:20:00Z"}, {"amount": 310.0, "currency": "USD", "id": "txn221", "name": "Uma", "title": "Payment", "timestamp": "2024-05-21T08:10:00Z"}, {"amount": 270.0, "currency": "USD", "id": "txn219", "name": "Steve", "title": "Invoice", "timestamp": "2024-05-19T16:25:00Z"}, {"amount": 110.0, "currency": "USD", "id": "txn217", "name": "Quinn", "title": "Refund", "timestamp": "2024-05-17T13:40:00Z"}, {"amount": 220.0, "currency": "USD", "id": "txn208", "name": "Hannah", "title": "Invoice", "timestamp": "2024-05-08T10:15:00Z"}, {"amount": 300.0, "currency": "USD", "id": "txn205", "name": "Ethan", "title": "Invoice", "timestamp": "2024-05-05T13:10:00Z"}, {"amount": 135.0, "currency": "USD", "id": "txn222", "name": "Victor", "title": "Invoice", "timestamp": "2024-05-22T11:45:00Z"}, {"amount": 295.0, "currency": "USD", "id": "txn224", "name": "Xander", "title": "Payment", "timestamp": "2024-05-24T10:50:00Z"}, {"amount": 145.0, "currency": "USD", "id": "txn223", "name": "Wendy", "title": "Refund", "timestamp": "2024-05-23T13:30:00Z"}, {"amount": 275.0, "currency": "USD", "id": "txn225", "name": "Yara", "title": "Invoice", "timestamp": "2024-05-25T09:15:00Z"}, {"amount": 240.0, "currency": "USD", "id": "txn211", "name": "Kevin", "title": "Invoice", "timestamp": "2024-05-11T11:30:00Z"}, {"amount": 210.0, "currency": "USD", "id": "txn218", "name": "Rachel", "title": "Payment", "timestamp": "2024-05-18T15:15:00Z"}, {"amount": 140.0, "currency": "USD", "id": "txn209", "name": "Ian", "title": "Payment", "timestamp": "2024-05-09T09:00:00Z"}, {"amount": 150.0, "currency": "USD", "id": "txn203", "name": "Charlie", "title": "Refund", "timestamp": "2024-05-03T09:45:00Z"}, {"amount": 130.0, "currency": "USD", "id": "txn214", "name": "Nina", "title": "Refund", "timestamp": "2024-05-14T14:30:00Z"}, {"amount": 200.0, "currency": "USD", "id": "txn202", "name": "Bob", "title": "Invoice", "timestamp": "2024-05-02T15:30:00Z"}, {"amount": 180.0, "currency": "USD", "id": "txn207", "name": "George", "title": "Refund", "timestamp": "2024-05-07T16:00:00Z"}]

11:23:52.163 [main] DEBUG c.intuit.karate.core.ScenarioEngine - over-writing existing variable 'response' with new value: response
---------------------------------------------------------
feature: classpath:tests/transactions/03-get-all-transactions.feature
scenarios:  1 | passed:  1 | failed:  0 | time: 0.1774
---------------------------------------------------------

11:23:52.234 [main] INFO  com.intuit.karate.Suite - <<pass>> feature 1 of 1 (0 remaining) classpath:tests/transactions/03-get-all-transactions.feature
Karate version: 1.5.1
======================================================
elapsed:   0.22 | threads:    1 | thread time: 0.18 
features:     1 | skipped:    0 | efficiency: 0.79
scenarios:    1 | passed:     1 | failed: 0
======================================================

HTML report: (paste into browser to view) | Karate version: 1.5.1
file:///Users/edls/NetBeansProjects/transaction-api/target/karate-reports/karate-summary.html
===================================================================


********** Files used to generate report **********
Using JSON file: /Users/edls/NetBeansProjects/transaction-api/target/karate-reports/tests.transactions.03-get-all-transactions.json
****************************************************
]]></system-out>
    <system-err><![CDATA[May 21, 2025 11:23:52 AM net.masterthought.cucumber.ReportParser parseJsonFiles
INFO: File '/Users/edls/NetBeansProjects/transaction-api/target/karate-reports/tests.transactions.03-get-all-transactions.json' contains 1 features
]]></system-err>
  </testcase>
  <testcase name="getTransactionsById" classname="tests.ParallelRunnerTest" time="3.91">
    <system-out><![CDATA[11:23:52.376 [main] DEBUG com.intuit.karate.Suite - [config] classpath:karate-config.js
11:23:52.376 [main] INFO  com.intuit.karate.Suite - backed up existing 'target/karate-reports' dir to: target/karate-reports_1747841032376
11:23:52.380 [main] INFO  com.intuit.karate - karate.env system property was: null 
11:23:52.387 [main] DEBUG c.intuit.karate.core.ScenarioEngine - over-writing existing variable 'transaction' with new value: __arg.transaction
11:23:52.388 [main] DEBUG com.intuit.karate - request:
1 > GET https://vx5846dgdj.execute-api.us-east-1.amazonaws.com/dev/transactions/txn201
1 > Host: vx5846dgdj.execute-api.us-east-1.amazonaws.com
1 > Connection: Keep-Alive
1 > User-Agent: Apache-HttpClient/4.5.14 (Java/23.0.1)
1 > Accept-Encoding: gzip,deflate


11:23:52.525 [main] DEBUG com.intuit.karate - response time in milliseconds: 137
1 < 200
1 < Date: Wed, 21 May 2025 15:23:52 GMT
1 < Content-Type: application/json
1 < Content-Length: 126
1 < Connection: keep-alive
1 < Apigw-Requestid: K7JxZhhRIAMEPRQ=
{"amount": 100.0, "currency": "USD", "id": "txn201", "name": "Alice", "title": "Payment", "timestamp": "2024-05-01T10:00:00Z"}

11:23:52.526 [main] DEBUG c.intuit.karate.core.ScenarioEngine - over-writing existing variable 'response' with new value: response
11:23:52.527 [main] INFO  com.intuit.karate - [print] 

 {
  "amount": 100.0,
  "currency": "USD",
  "id": "txn201",
  "name": "Alice",
  "title": "Payment",
  "timestamp": "2024-05-01T10:00:00Z"
}
 

 
11:23:52.528 [main] INFO  com.intuit.karate - [print] transaction.transactionId =  txn201 
11:23:52.532 [main] DEBUG c.intuit.karate.core.ScenarioEngine - over-writing existing variable 'transaction' with new value: __arg.transaction
11:23:52.533 [main] DEBUG com.intuit.karate - request:
1 > GET https://vx5846dgdj.execute-api.us-east-1.amazonaws.com/dev/transactions/txn202
1 > Host: vx5846dgdj.execute-api.us-east-1.amazonaws.com
1 > Connection: Keep-Alive
1 > User-Agent: Apache-HttpClient/4.5.14 (Java/23.0.1)
1 > Accept-Encoding: gzip,deflate


11:23:52.686 [main] DEBUG com.intuit.karate - response time in milliseconds: 152
1 < 200
1 < Date: Wed, 21 May 2025 15:23:52 GMT
1 < Content-Type: application/json
1 < Content-Length: 124
1 < Connection: keep-alive
1 < Apigw-Requestid: K7JxbhesIAMEPFg=
{"amount": 200.0, "currency": "USD", "id": "txn202", "name": "Bob", "title": "Invoice", "timestamp": "2024-05-02T15:30:00Z"}

11:23:52.687 [main] DEBUG c.intuit.karate.core.ScenarioEngine - over-writing existing variable 'response' with new value: response
11:23:52.687 [main] INFO  com.intuit.karate - [print] 

 {
  "amount": 200.0,
  "currency": "USD",
  "id": "txn202",
  "name": "Bob",
  "title": "Invoice",
  "timestamp": "2024-05-02T15:30:00Z"
}
 

 
11:23:52.688 [main] INFO  com.intuit.karate - [print] transaction.transactionId =  txn202 
11:23:52.692 [main] DEBUG c.intuit.karate.core.ScenarioEngine - over-writing existing variable 'transaction' with new value: __arg.transaction
11:23:52.693 [main] DEBUG com.intuit.karate - request:
1 > GET https://vx5846dgdj.execute-api.us-east-1.amazonaws.com/dev/transactions/txn203
1 > Host: vx5846dgdj.execute-api.us-east-1.amazonaws.com
1 > Connection: Keep-Alive
1 > User-Agent: Apache-HttpClient/4.5.14 (Java/23.0.1)
1 > Accept-Encoding: gzip,deflate


11:23:52.824 [main] DEBUG com.intuit.karate - response time in milliseconds: 131
1 < 200
1 < Date: Wed, 21 May 2025 15:23:52 GMT
1 < Content-Type: application/json
1 < Content-Length: 127
1 < Connection: keep-alive
1 < Apigw-Requestid: K7JxcgInoAMEPhw=
{"amount": 150.0, "currency": "USD", "id": "txn203", "name": "Charlie", "title": "Refund", "timestamp": "2024-05-03T09:45:00Z"}

11:23:52.825 [main] DEBUG c.intuit.karate.core.ScenarioEngine - over-writing existing variable 'response' with new value: response
11:23:52.825 [main] INFO  com.intuit.karate - [print] 

 {
  "amount": 150.0,
  "currency": "USD",
  "id": "txn203",
  "name": "Charlie",
  "title": "Refund",
  "timestamp": "2024-05-03T09:45:00Z"
}
 

 
11:23:52.826 [main] INFO  com.intuit.karate - [print] transaction.transactionId =  txn203 
11:23:52.829 [main] DEBUG c.intuit.karate.core.ScenarioEngine - over-writing existing variable 'transaction' with new value: __arg.transaction
11:23:52.830 [main] DEBUG com.intuit.karate - request:
1 > GET https://vx5846dgdj.execute-api.us-east-1.amazonaws.com/dev/transactions/txn204
1 > Host: vx5846dgdj.execute-api.us-east-1.amazonaws.com
1 > Connection: Keep-Alive
1 > User-Agent: Apache-HttpClient/4.5.14 (Java/23.0.1)
1 > Accept-Encoding: gzip,deflate


11:23:52.967 [main] DEBUG com.intuit.karate - response time in milliseconds: 137
1 < 200
1 < Date: Wed, 21 May 2025 15:23:53 GMT
1 < Content-Type: application/json
1 < Content-Length: 126
1 < Connection: keep-alive
1 < Apigw-Requestid: K7Jxeg2GIAMEPCA=
{"amount": 250.0, "currency": "USD", "id": "txn204", "name": "Diana", "title": "Payment", "timestamp": "2024-05-04T11:20:00Z"}

11:23:52.968 [main] DEBUG c.intuit.karate.core.ScenarioEngine - over-writing existing variable 'response' with new value: response
11:23:52.968 [main] INFO  com.intuit.karate - [print] 

 {
  "amount": 250.0,
  "currency": "USD",
  "id": "txn204",
  "name": "Diana",
  "title": "Payment",
  "timestamp": "2024-05-04T11:20:00Z"
}
 

 
11:23:52.969 [main] INFO  com.intuit.karate - [print] transaction.transactionId =  txn204 
11:23:52.972 [main] DEBUG c.intuit.karate.core.ScenarioEngine - over-writing existing variable 'transaction' with new value: __arg.transaction
11:23:52.973 [main] DEBUG com.intuit.karate - request:
1 > GET https://vx5846dgdj.execute-api.us-east-1.amazonaws.com/dev/transactions/txn205
1 > Host: vx5846dgdj.execute-api.us-east-1.amazonaws.com
1 > Connection: Keep-Alive
1 > User-Agent: Apache-HttpClient/4.5.14 (Java/23.0.1)
1 > Accept-Encoding: gzip,deflate


11:23:53.084 [main] DEBUG com.intuit.karate - response time in milliseconds: 111
1 < 200
1 < Date: Wed, 21 May 2025 15:23:53 GMT
1 < Content-Type: application/json
1 < Content-Length: 126
1 < Connection: keep-alive
1 < Apigw-Requestid: K7Jxfj48IAMEZJQ=
{"amount": 300.0, "currency": "USD", "id": "txn205", "name": "Ethan", "title": "Invoice", "timestamp": "2024-05-05T13:10:00Z"}

11:23:53.085 [main] DEBUG c.intuit.karate.core.ScenarioEngine - over-writing existing variable 'response' with new value: response
11:23:53.086 [main] INFO  com.intuit.karate - [print] 

 {
  "amount": 300.0,
  "currency": "USD",
  "id": "txn205",
  "name": "Ethan",
  "title": "Invoice",
  "timestamp": "2024-05-05T13:10:00Z"
}
 

 
11:23:53.086 [main] INFO  com.intuit.karate - [print] transaction.transactionId =  txn205 
11:23:53.089 [main] DEBUG c.intuit.karate.core.ScenarioEngine - over-writing existing variable 'transaction' with new value: __arg.transaction
11:23:53.090 [main] DEBUG com.intuit.karate - request:
1 > GET https://vx5846dgdj.execute-api.us-east-1.amazonaws.com/dev/transactions/txn206
1 > Host: vx5846dgdj.execute-api.us-east-1.amazonaws.com
1 > Connection: Keep-Alive
1 > User-Agent: Apache-HttpClient/4.5.14 (Java/23.0.1)
1 > Accept-Encoding: gzip,deflate


11:23:53.247 [main] DEBUG com.intuit.karate - response time in milliseconds: 157
1 < 200
1 < Date: Wed, 21 May 2025 15:23:53 GMT
1 < Content-Type: application/json
1 < Content-Length: 126
1 < Connection: keep-alive
1 < Apigw-Requestid: K7Jxggh5oAMEZhw=
{"amount": 120.0, "currency": "USD", "id": "txn206", "name": "Fiona", "title": "Payment", "timestamp": "2024-05-06T14:00:00Z"}

11:23:53.248 [main] DEBUG c.intuit.karate.core.ScenarioEngine - over-writing existing variable 'response' with new value: response
11:23:53.249 [main] INFO  com.intuit.karate - [print] 

 {
  "amount": 120.0,
  "currency": "USD",
  "id": "txn206",
  "name": "Fiona",
  "title": "Payment",
  "timestamp": "2024-05-06T14:00:00Z"
}
 

 
11:23:53.249 [main] INFO  com.intuit.karate - [print] transaction.transactionId =  txn206 
11:23:53.253 [main] DEBUG c.intuit.karate.core.ScenarioEngine - over-writing existing variable 'transaction' with new value: __arg.transaction
11:23:53.253 [main] DEBUG com.intuit.karate - request:
1 > GET https://vx5846dgdj.execute-api.us-east-1.amazonaws.com/dev/transactions/txn207
1 > Host: vx5846dgdj.execute-api.us-east-1.amazonaws.com
1 > Connection: Keep-Alive
1 > User-Agent: Apache-HttpClient/4.5.14 (Java/23.0.1)
1 > Accept-Encoding: gzip,deflate


11:23:53.390 [main] DEBUG com.intuit.karate - response time in milliseconds: 135
1 < 200
1 < Date: Wed, 21 May 2025 15:23:53 GMT
1 < Content-Type: application/json
1 < Content-Length: 126
1 < Connection: keep-alive
1 < Apigw-Requestid: K7JxihtmIAMEZ3g=
{"amount": 180.0, "currency": "USD", "id": "txn207", "name": "George", "title": "Refund", "timestamp": "2024-05-07T16:00:00Z"}

11:23:53.391 [main] DEBUG c.intuit.karate.core.ScenarioEngine - over-writing existing variable 'response' with new value: response
11:23:53.391 [main] INFO  com.intuit.karate - [print] 

 {
  "amount": 180.0,
  "currency": "USD",
  "id": "txn207",
  "name": "George",
  "title": "Refund",
  "timestamp": "2024-05-07T16:00:00Z"
}
 

 
11:23:53.392 [main] INFO  com.intuit.karate - [print] transaction.transactionId =  txn207 
11:23:53.395 [main] DEBUG c.intuit.karate.core.ScenarioEngine - over-writing existing variable 'transaction' with new value: __arg.transaction
11:23:53.396 [main] DEBUG com.intuit.karate - request:
1 > GET https://vx5846dgdj.execute-api.us-east-1.amazonaws.com/dev/transactions/txn208
1 > Host: vx5846dgdj.execute-api.us-east-1.amazonaws.com
1 > Connection: Keep-Alive
1 > User-Agent: Apache-HttpClient/4.5.14 (Java/23.0.1)
1 > Accept-Encoding: gzip,deflate


11:23:53.507 [main] DEBUG com.intuit.karate - response time in milliseconds: 111
1 < 200
1 < Date: Wed, 21 May 2025 15:23:53 GMT
1 < Content-Type: application/json
1 < Content-Length: 127
1 < Connection: keep-alive
1 < Apigw-Requestid: K7Jxjgo-IAMEZKg=
{"amount": 220.0, "currency": "USD", "id": "txn208", "name": "Hannah", "title": "Invoice", "timestamp": "2024-05-08T10:15:00Z"}

11:23:53.508 [main] DEBUG c.intuit.karate.core.ScenarioEngine - over-writing existing variable 'response' with new value: response
11:23:53.509 [main] INFO  com.intuit.karate - [print] 

 {
  "amount": 220.0,
  "currency": "USD",
  "id": "txn208",
  "name": "Hannah",
  "title": "Invoice",
  "timestamp": "2024-05-08T10:15:00Z"
}
 

 
11:23:53.509 [main] INFO  com.intuit.karate - [print] transaction.transactionId =  txn208 
11:23:53.513 [main] DEBUG c.intuit.karate.core.ScenarioEngine - over-writing existing variable 'transaction' with new value: __arg.transaction
11:23:53.513 [main] DEBUG com.intuit.karate - request:
1 > GET https://vx5846dgdj.execute-api.us-east-1.amazonaws.com/dev/transactions/txn209
1 > Host: vx5846dgdj.execute-api.us-east-1.amazonaws.com
1 > Connection: Keep-Alive
1 > User-Agent: Apache-HttpClient/4.5.14 (Java/23.0.1)
1 > Accept-Encoding: gzip,deflate


11:23:53.663 [main] DEBUG com.intuit.karate - response time in milliseconds: 149
1 < 200
1 < Date: Wed, 21 May 2025 15:23:53 GMT
1 < Content-Type: application/json
1 < Content-Length: 124
1 < Connection: keep-alive
1 < Apigw-Requestid: K7JxlhT9IAMEPRA=
{"amount": 140.0, "currency": "USD", "id": "txn209", "name": "Ian", "title": "Payment", "timestamp": "2024-05-09T09:00:00Z"}

11:23:53.664 [main] DEBUG c.intuit.karate.core.ScenarioEngine - over-writing existing variable 'response' with new value: response
11:23:53.664 [main] INFO  com.intuit.karate - [print] 

 {
  "amount": 140.0,
  "currency": "USD",
  "id": "txn209",
  "name": "Ian",
  "title": "Payment",
  "timestamp": "2024-05-09T09:00:00Z"
}
 

 
11:23:53.665 [main] INFO  com.intuit.karate - [print] transaction.transactionId =  txn209 
11:23:53.668 [main] DEBUG c.intuit.karate.core.ScenarioEngine - over-writing existing variable 'transaction' with new value: __arg.transaction
11:23:53.669 [main] DEBUG com.intuit.karate - request:
1 > GET https://vx5846dgdj.execute-api.us-east-1.amazonaws.com/dev/transactions/txn210
1 > Host: vx5846dgdj.execute-api.us-east-1.amazonaws.com
1 > Connection: Keep-Alive
1 > User-Agent: Apache-HttpClient/4.5.14 (Java/23.0.1)
1 > Accept-Encoding: gzip,deflate


11:23:53.804 [main] DEBUG com.intuit.karate - response time in milliseconds: 135
1 < 200
1 < Date: Wed, 21 May 2025 15:23:53 GMT
1 < Content-Type: application/json
1 < Content-Length: 124
1 < Connection: keep-alive
1 < Apigw-Requestid: K7JxmiPdoAMEPng=
{"amount": 160.0, "currency": "USD", "id": "txn210", "name": "Jill", "title": "Refund", "timestamp": "2024-05-10T12:00:00Z"}

11:23:53.805 [main] DEBUG c.intuit.karate.core.ScenarioEngine - over-writing existing variable 'response' with new value: response
11:23:53.805 [main] INFO  com.intuit.karate - [print] 

 {
  "amount": 160.0,
  "currency": "USD",
  "id": "txn210",
  "name": "Jill",
  "title": "Refund",
  "timestamp": "2024-05-10T12:00:00Z"
}
 

 
11:23:53.806 [main] INFO  com.intuit.karate - [print] transaction.transactionId =  txn210 
11:23:53.808 [main] DEBUG c.intuit.karate.core.ScenarioEngine - over-writing existing variable 'transaction' with new value: __arg.transaction
11:23:53.809 [main] DEBUG com.intuit.karate - request:
1 > GET https://vx5846dgdj.execute-api.us-east-1.amazonaws.com/dev/transactions/txn211
1 > Host: vx5846dgdj.execute-api.us-east-1.amazonaws.com
1 > Connection: Keep-Alive
1 > User-Agent: Apache-HttpClient/4.5.14 (Java/23.0.1)
1 > Accept-Encoding: gzip,deflate


11:23:53.949 [main] DEBUG com.intuit.karate - response time in milliseconds: 139
1 < 200
1 < Date: Wed, 21 May 2025 15:23:54 GMT
1 < Content-Type: application/json
1 < Content-Length: 126
1 < Connection: keep-alive
1 < Apigw-Requestid: K7JxniINIAMEPhQ=
{"amount": 240.0, "currency": "USD", "id": "txn211", "name": "Kevin", "title": "Invoice", "timestamp": "2024-05-11T11:30:00Z"}

11:23:53.949 [main] DEBUG c.intuit.karate.core.ScenarioEngine - over-writing existing variable 'response' with new value: response
11:23:53.949 [main] INFO  com.intuit.karate - [print] 

 {
  "amount": 240.0,
  "currency": "USD",
  "id": "txn211",
  "name": "Kevin",
  "title": "Invoice",
  "timestamp": "2024-05-11T11:30:00Z"
}
 

 
11:23:53.949 [main] INFO  com.intuit.karate - [print] transaction.transactionId =  txn211 
11:23:53.952 [main] DEBUG c.intuit.karate.core.ScenarioEngine - over-writing existing variable 'transaction' with new value: __arg.transaction
11:23:53.953 [main] DEBUG com.intuit.karate - request:
1 > GET https://vx5846dgdj.execute-api.us-east-1.amazonaws.com/dev/transactions/txn212
1 > Host: vx5846dgdj.execute-api.us-east-1.amazonaws.com
1 > Connection: Keep-Alive
1 > User-Agent: Apache-HttpClient/4.5.14 (Java/23.0.1)
1 > Accept-Encoding: gzip,deflate


11:23:54.084 [main] DEBUG com.intuit.karate - response time in milliseconds: 130
1 < 200
1 < Date: Wed, 21 May 2025 15:23:54 GMT
1 < Content-Type: application/json
1 < Content-Length: 125
1 < Connection: keep-alive
1 < Apigw-Requestid: K7JxphvpIAMEZ3g=
{"amount": 260.0, "currency": "USD", "id": "txn212", "name": "Lena", "title": "Payment", "timestamp": "2024-05-12T08:00:00Z"}

11:23:54.085 [main] DEBUG c.intuit.karate.core.ScenarioEngine - over-writing existing variable 'response' with new value: response
11:23:54.085 [main] INFO  com.intuit.karate - [print] 

 {
  "amount": 260.0,
  "currency": "USD",
  "id": "txn212",
  "name": "Lena",
  "title": "Payment",
  "timestamp": "2024-05-12T08:00:00Z"
}
 

 
11:23:54.085 [main] INFO  com.intuit.karate - [print] transaction.transactionId =  txn212 
11:23:54.088 [main] DEBUG c.intuit.karate.core.ScenarioEngine - over-writing existing variable 'transaction' with new value: __arg.transaction
11:23:54.089 [main] DEBUG com.intuit.karate - request:
1 > GET https://vx5846dgdj.execute-api.us-east-1.amazonaws.com/dev/transactions/txn213
1 > Host: vx5846dgdj.execute-api.us-east-1.amazonaws.com
1 > Connection: Keep-Alive
1 > User-Agent: Apache-HttpClient/4.5.14 (Java/23.0.1)
1 > Accept-Encoding: gzip,deflate


11:23:54.203 [main] DEBUG com.intuit.karate - response time in milliseconds: 114
1 < 200
1 < Date: Wed, 21 May 2025 15:23:54 GMT
1 < Content-Type: application/json
1 < Content-Length: 125
1 < Connection: keep-alive
1 < Apigw-Requestid: K7Jxqig7IAMEZ1w=
{"amount": 300.0, "currency": "USD", "id": "txn213", "name": "Mike", "title": "Invoice", "timestamp": "2024-05-13T17:00:00Z"}

11:23:54.204 [main] DEBUG c.intuit.karate.core.ScenarioEngine - over-writing existing variable 'response' with new value: response
11:23:54.204 [main] INFO  com.intuit.karate - [print] 

 {
  "amount": 300.0,
  "currency": "USD",
  "id": "txn213",
  "name": "Mike",
  "title": "Invoice",
  "timestamp": "2024-05-13T17:00:00Z"
}
 

 
11:23:54.205 [main] INFO  com.intuit.karate - [print] transaction.transactionId =  txn213 
11:23:54.208 [main] DEBUG c.intuit.karate.core.ScenarioEngine - over-writing existing variable 'transaction' with new value: __arg.transaction
11:23:54.208 [main] DEBUG com.intuit.karate - request:
1 > GET https://vx5846dgdj.execute-api.us-east-1.amazonaws.com/dev/transactions/txn214
1 > Host: vx5846dgdj.execute-api.us-east-1.amazonaws.com
1 > Connection: Keep-Alive
1 > User-Agent: Apache-HttpClient/4.5.14 (Java/23.0.1)
1 > Accept-Encoding: gzip,deflate


11:23:54.325 [main] DEBUG com.intuit.karate - response time in milliseconds: 116
1 < 200
1 < Date: Wed, 21 May 2025 15:23:54 GMT
1 < Content-Type: application/json
1 < Content-Length: 124
1 < Connection: keep-alive
1 < Apigw-Requestid: K7Jxrg2ooAMEZIg=
{"amount": 130.0, "currency": "USD", "id": "txn214", "name": "Nina", "title": "Refund", "timestamp": "2024-05-14T14:30:00Z"}

11:23:54.326 [main] DEBUG c.intuit.karate.core.ScenarioEngine - over-writing existing variable 'response' with new value: response
11:23:54.326 [main] INFO  com.intuit.karate - [print] 

 {
  "amount": 130.0,
  "currency": "USD",
  "id": "txn214",
  "name": "Nina",
  "title": "Refund",
  "timestamp": "2024-05-14T14:30:00Z"
}
 

 
11:23:54.327 [main] INFO  com.intuit.karate - [print] transaction.transactionId =  txn214 
11:23:54.330 [main] DEBUG c.intuit.karate.core.ScenarioEngine - over-writing existing variable 'transaction' with new value: __arg.transaction
11:23:54.331 [main] DEBUG com.intuit.karate - request:
1 > GET https://vx5846dgdj.execute-api.us-east-1.amazonaws.com/dev/transactions/txn215
1 > Host: vx5846dgdj.execute-api.us-east-1.amazonaws.com
1 > Connection: Keep-Alive
1 > User-Agent: Apache-HttpClient/4.5.14 (Java/23.0.1)
1 > Accept-Encoding: gzip,deflate


11:23:54.485 [main] DEBUG com.intuit.karate - response time in milliseconds: 154
1 < 200
1 < Date: Wed, 21 May 2025 15:23:54 GMT
1 < Content-Type: application/json
1 < Content-Length: 125
1 < Connection: keep-alive
1 < Apigw-Requestid: K7JxtjtdoAMEZ4g=
{"amount": 280.0, "currency": "USD", "id": "txn215", "name": "Owen", "title": "Payment", "timestamp": "2024-05-15T10:20:00Z"}

11:23:54.486 [main] DEBUG c.intuit.karate.core.ScenarioEngine - over-writing existing variable 'response' with new value: response
11:23:54.486 [main] INFO  com.intuit.karate - [print] 

 {
  "amount": 280.0,
  "currency": "USD",
  "id": "txn215",
  "name": "Owen",
  "title": "Payment",
  "timestamp": "2024-05-15T10:20:00Z"
}
 

 
11:23:54.486 [main] INFO  com.intuit.karate - [print] transaction.transactionId =  txn215 
11:23:54.489 [main] DEBUG c.intuit.karate.core.ScenarioEngine - over-writing existing variable 'transaction' with new value: __arg.transaction
11:23:54.490 [main] DEBUG com.intuit.karate - request:
1 > GET https://vx5846dgdj.execute-api.us-east-1.amazonaws.com/dev/transactions/txn216
1 > Host: vx5846dgdj.execute-api.us-east-1.amazonaws.com
1 > Connection: Keep-Alive
1 > User-Agent: Apache-HttpClient/4.5.14 (Java/23.0.1)
1 > Accept-Encoding: gzip,deflate


11:23:54.622 [main] DEBUG com.intuit.karate - response time in milliseconds: 132
1 < 200
1 < Date: Wed, 21 May 2025 15:23:54 GMT
1 < Content-Type: application/json
1 < Content-Length: 126
1 < Connection: keep-alive
1 < Apigw-Requestid: K7Jxuj0xIAMEZrw=
{"amount": 190.0, "currency": "USD", "id": "txn216", "name": "Paula", "title": "Invoice", "timestamp": "2024-05-16T09:50:00Z"}

11:23:54.623 [main] DEBUG c.intuit.karate.core.ScenarioEngine - over-writing existing variable 'response' with new value: response
11:23:54.623 [main] INFO  com.intuit.karate - [print] 

 {
  "amount": 190.0,
  "currency": "USD",
  "id": "txn216",
  "name": "Paula",
  "title": "Invoice",
  "timestamp": "2024-05-16T09:50:00Z"
}
 

 
11:23:54.624 [main] INFO  com.intuit.karate - [print] transaction.transactionId =  txn216 
11:23:54.627 [main] DEBUG c.intuit.karate.core.ScenarioEngine - over-writing existing variable 'transaction' with new value: __arg.transaction
11:23:54.628 [main] DEBUG com.intuit.karate - request:
1 > GET https://vx5846dgdj.execute-api.us-east-1.amazonaws.com/dev/transactions/txn217
1 > Host: vx5846dgdj.execute-api.us-east-1.amazonaws.com
1 > Connection: Keep-Alive
1 > User-Agent: Apache-HttpClient/4.5.14 (Java/23.0.1)
1 > Accept-Encoding: gzip,deflate


11:23:54.763 [main] DEBUG com.intuit.karate - response time in milliseconds: 134
1 < 200
1 < Date: Wed, 21 May 2025 15:23:54 GMT
1 < Content-Type: application/json
1 < Content-Length: 125
1 < Connection: keep-alive
1 < Apigw-Requestid: K7JxwjvGIAMEPeg=
{"amount": 110.0, "currency": "USD", "id": "txn217", "name": "Quinn", "title": "Refund", "timestamp": "2024-05-17T13:40:00Z"}

11:23:54.763 [main] DEBUG c.intuit.karate.core.ScenarioEngine - over-writing existing variable 'response' with new value: response
11:23:54.764 [main] INFO  com.intuit.karate - [print] 

 {
  "amount": 110.0,
  "currency": "USD",
  "id": "txn217",
  "name": "Quinn",
  "title": "Refund",
  "timestamp": "2024-05-17T13:40:00Z"
}
 

 
11:23:54.764 [main] INFO  com.intuit.karate - [print] transaction.transactionId =  txn217 
11:23:54.767 [main] DEBUG c.intuit.karate.core.ScenarioEngine - over-writing existing variable 'transaction' with new value: __arg.transaction
11:23:54.768 [main] DEBUG com.intuit.karate - request:
1 > GET https://vx5846dgdj.execute-api.us-east-1.amazonaws.com/dev/transactions/txn218
1 > Host: vx5846dgdj.execute-api.us-east-1.amazonaws.com
1 > Connection: Keep-Alive
1 > User-Agent: Apache-HttpClient/4.5.14 (Java/23.0.1)
1 > Accept-Encoding: gzip,deflate


11:23:54.902 [main] DEBUG com.intuit.karate - response time in milliseconds: 134
1 < 200
1 < Date: Wed, 21 May 2025 15:23:55 GMT
1 < Content-Type: application/json
1 < Content-Length: 127
1 < Connection: keep-alive
1 < Apigw-Requestid: K7JxxiGOIAMEZ9Q=
{"amount": 210.0, "currency": "USD", "id": "txn218", "name": "Rachel", "title": "Payment", "timestamp": "2024-05-18T15:15:00Z"}

11:23:54.903 [main] DEBUG c.intuit.karate.core.ScenarioEngine - over-writing existing variable 'response' with new value: response
11:23:54.903 [main] INFO  com.intuit.karate - [print] 

 {
  "amount": 210.0,
  "currency": "USD",
  "id": "txn218",
  "name": "Rachel",
  "title": "Payment",
  "timestamp": "2024-05-18T15:15:00Z"
}
 

 
11:23:54.904 [main] INFO  com.intuit.karate - [print] transaction.transactionId =  txn218 
11:23:54.907 [main] DEBUG c.intuit.karate.core.ScenarioEngine - over-writing existing variable 'transaction' with new value: __arg.transaction
11:23:54.907 [main] DEBUG com.intuit.karate - request:
1 > GET https://vx5846dgdj.execute-api.us-east-1.amazonaws.com/dev/transactions/txn219
1 > Host: vx5846dgdj.execute-api.us-east-1.amazonaws.com
1 > Connection: Keep-Alive
1 > User-Agent: Apache-HttpClient/4.5.14 (Java/23.0.1)
1 > Accept-Encoding: gzip,deflate


11:23:55.045 [main] DEBUG com.intuit.karate - response time in milliseconds: 137
1 < 200
1 < Date: Wed, 21 May 2025 15:23:55 GMT
1 < Content-Type: application/json
1 < Content-Length: 126
1 < Connection: keep-alive
1 < Apigw-Requestid: K7JxyhMgIAMEZKA=
{"amount": 270.0, "currency": "USD", "id": "txn219", "name": "Steve", "title": "Invoice", "timestamp": "2024-05-19T16:25:00Z"}

11:23:55.046 [main] DEBUG c.intuit.karate.core.ScenarioEngine - over-writing existing variable 'response' with new value: response
11:23:55.046 [main] INFO  com.intuit.karate - [print] 

 {
  "amount": 270.0,
  "currency": "USD",
  "id": "txn219",
  "name": "Steve",
  "title": "Invoice",
  "timestamp": "2024-05-19T16:25:00Z"
}
 

 
11:23:55.046 [main] INFO  com.intuit.karate - [print] transaction.transactionId =  txn219 
11:23:55.050 [main] DEBUG c.intuit.karate.core.ScenarioEngine - over-writing existing variable 'transaction' with new value: __arg.transaction
11:23:55.051 [main] DEBUG com.intuit.karate - request:
1 > GET https://vx5846dgdj.execute-api.us-east-1.amazonaws.com/dev/transactions/txn220
1 > Host: vx5846dgdj.execute-api.us-east-1.amazonaws.com
1 > Connection: Keep-Alive
1 > User-Agent: Apache-HttpClient/4.5.14 (Java/23.0.1)
1 > Accept-Encoding: gzip,deflate


11:23:55.182 [main] DEBUG com.intuit.karate - response time in milliseconds: 130
1 < 200
1 < Date: Wed, 21 May 2025 15:23:55 GMT
1 < Content-Type: application/json
1 < Content-Length: 124
1 < Connection: keep-alive
1 < Apigw-Requestid: K7Jx0jwcIAMEPeg=
{"amount": 170.0, "currency": "USD", "id": "txn220", "name": "Tina", "title": "Refund", "timestamp": "2024-05-20T12:05:00Z"}

11:23:55.182 [main] DEBUG c.intuit.karate.core.ScenarioEngine - over-writing existing variable 'response' with new value: response
11:23:55.183 [main] INFO  com.intuit.karate - [print] 

 {
  "amount": 170.0,
  "currency": "USD",
  "id": "txn220",
  "name": "Tina",
  "title": "Refund",
  "timestamp": "2024-05-20T12:05:00Z"
}
 

 
11:23:55.183 [main] INFO  com.intuit.karate - [print] transaction.transactionId =  txn220 
11:23:55.186 [main] DEBUG c.intuit.karate.core.ScenarioEngine - over-writing existing variable 'transaction' with new value: __arg.transaction
11:23:55.187 [main] DEBUG com.intuit.karate - request:
1 > GET https://vx5846dgdj.execute-api.us-east-1.amazonaws.com/dev/transactions/txn221
1 > Host: vx5846dgdj.execute-api.us-east-1.amazonaws.com
1 > Connection: Keep-Alive
1 > User-Agent: Apache-HttpClient/4.5.14 (Java/23.0.1)
1 > Accept-Encoding: gzip,deflate


11:23:55.325 [main] DEBUG com.intuit.karate - response time in milliseconds: 137
1 < 200
1 < Date: Wed, 21 May 2025 15:23:55 GMT
1 < Content-Type: application/json
1 < Content-Length: 124
1 < Connection: keep-alive
1 < Apigw-Requestid: K7Jx1i3sIAMEZgQ=
{"amount": 310.0, "currency": "USD", "id": "txn221", "name": "Uma", "title": "Payment", "timestamp": "2024-05-21T08:10:00Z"}

11:23:55.325 [main] DEBUG c.intuit.karate.core.ScenarioEngine - over-writing existing variable 'response' with new value: response
11:23:55.325 [main] INFO  com.intuit.karate - [print] 

 {
  "amount": 310.0,
  "currency": "USD",
  "id": "txn221",
  "name": "Uma",
  "title": "Payment",
  "timestamp": "2024-05-21T08:10:00Z"
}
 

 
11:23:55.326 [main] INFO  com.intuit.karate - [print] transaction.transactionId =  txn221 
11:23:55.329 [main] DEBUG c.intuit.karate.core.ScenarioEngine - over-writing existing variable 'transaction' with new value: __arg.transaction
11:23:55.330 [main] DEBUG com.intuit.karate - request:
1 > GET https://vx5846dgdj.execute-api.us-east-1.amazonaws.com/dev/transactions/txn222
1 > Host: vx5846dgdj.execute-api.us-east-1.amazonaws.com
1 > Connection: Keep-Alive
1 > User-Agent: Apache-HttpClient/4.5.14 (Java/23.0.1)
1 > Accept-Encoding: gzip,deflate


11:23:55.464 [main] DEBUG com.intuit.karate - response time in milliseconds: 134
1 < 200
1 < Date: Wed, 21 May 2025 15:23:55 GMT
1 < Content-Type: application/json
1 < Content-Length: 127
1 < Connection: keep-alive
1 < Apigw-Requestid: K7Jx3g48IAMEZUQ=
{"amount": 135.0, "currency": "USD", "id": "txn222", "name": "Victor", "title": "Invoice", "timestamp": "2024-05-22T11:45:00Z"}

11:23:55.465 [main] DEBUG c.intuit.karate.core.ScenarioEngine - over-writing existing variable 'response' with new value: response
11:23:55.465 [main] INFO  com.intuit.karate - [print] 

 {
  "amount": 135.0,
  "currency": "USD",
  "id": "txn222",
  "name": "Victor",
  "title": "Invoice",
  "timestamp": "2024-05-22T11:45:00Z"
}
 

 
11:23:55.466 [main] INFO  com.intuit.karate - [print] transaction.transactionId =  txn222 
11:23:55.470 [main] DEBUG c.intuit.karate.core.ScenarioEngine - over-writing existing variable 'transaction' with new value: __arg.transaction
11:23:55.471 [main] DEBUG com.intuit.karate - request:
1 > GET https://vx5846dgdj.execute-api.us-east-1.amazonaws.com/dev/transactions/txn223
1 > Host: vx5846dgdj.execute-api.us-east-1.amazonaws.com
1 > Connection: Keep-Alive
1 > User-Agent: Apache-HttpClient/4.5.14 (Java/23.0.1)
1 > Accept-Encoding: gzip,deflate


11:23:55.586 [main] DEBUG com.intuit.karate - response time in milliseconds: 114
1 < 200
1 < Date: Wed, 21 May 2025 15:23:55 GMT
1 < Content-Type: application/json
1 < Content-Length: 125
1 < Connection: keep-alive
1 < Apigw-Requestid: K7Jx4gaUIAMEZnQ=
{"amount": 145.0, "currency": "USD", "id": "txn223", "name": "Wendy", "title": "Refund", "timestamp": "2024-05-23T13:30:00Z"}

11:23:55.587 [main] DEBUG c.intuit.karate.core.ScenarioEngine - over-writing existing variable 'response' with new value: response
11:23:55.587 [main] INFO  com.intuit.karate - [print] 

 {
  "amount": 145.0,
  "currency": "USD",
  "id": "txn223",
  "name": "Wendy",
  "title": "Refund",
  "timestamp": "2024-05-23T13:30:00Z"
}
 

 
11:23:55.587 [main] INFO  com.intuit.karate - [print] transaction.transactionId =  txn223 
11:23:55.590 [main] DEBUG c.intuit.karate.core.ScenarioEngine - over-writing existing variable 'transaction' with new value: __arg.transaction
11:23:55.591 [main] DEBUG com.intuit.karate - request:
1 > GET https://vx5846dgdj.execute-api.us-east-1.amazonaws.com/dev/transactions/txn224
1 > Host: vx5846dgdj.execute-api.us-east-1.amazonaws.com
1 > Connection: Keep-Alive
1 > User-Agent: Apache-HttpClient/4.5.14 (Java/23.0.1)
1 > Accept-Encoding: gzip,deflate


11:23:55.705 [main] DEBUG com.intuit.karate - response time in milliseconds: 113
1 < 200
1 < Date: Wed, 21 May 2025 15:23:55 GMT
1 < Content-Type: application/json
1 < Content-Length: 127
1 < Connection: keep-alive
1 < Apigw-Requestid: K7Jx5idcIAMEZLw=
{"amount": 295.0, "currency": "USD", "id": "txn224", "name": "Xander", "title": "Payment", "timestamp": "2024-05-24T10:50:00Z"}

11:23:55.705 [main] DEBUG c.intuit.karate.core.ScenarioEngine - over-writing existing variable 'response' with new value: response
11:23:55.706 [main] INFO  com.intuit.karate - [print] 

 {
  "amount": 295.0,
  "currency": "USD",
  "id": "txn224",
  "name": "Xander",
  "title": "Payment",
  "timestamp": "2024-05-24T10:50:00Z"
}
 

 
11:23:55.706 [main] INFO  com.intuit.karate - [print] transaction.transactionId =  txn224 
11:23:55.709 [main] DEBUG c.intuit.karate.core.ScenarioEngine - over-writing existing variable 'transaction' with new value: __arg.transaction
11:23:55.710 [main] DEBUG com.intuit.karate - request:
1 > GET https://vx5846dgdj.execute-api.us-east-1.amazonaws.com/dev/transactions/txn225
1 > Host: vx5846dgdj.execute-api.us-east-1.amazonaws.com
1 > Connection: Keep-Alive
1 > User-Agent: Apache-HttpClient/4.5.14 (Java/23.0.1)
1 > Accept-Encoding: gzip,deflate


11:23:55.827 [main] DEBUG com.intuit.karate - response time in milliseconds: 117
1 < 200
1 < Date: Wed, 21 May 2025 15:23:55 GMT
1 < Content-Type: application/json
1 < Content-Length: 125
1 < Connection: keep-alive
1 < Apigw-Requestid: K7Jx6jSvoAMEZZw=
{"amount": 275.0, "currency": "USD", "id": "txn225", "name": "Yara", "title": "Invoice", "timestamp": "2024-05-25T09:15:00Z"}

11:23:55.828 [main] DEBUG c.intuit.karate.core.ScenarioEngine - over-writing existing variable 'response' with new value: response
11:23:55.828 [main] INFO  com.intuit.karate - [print] 

 {
  "amount": 275.0,
  "currency": "USD",
  "id": "txn225",
  "name": "Yara",
  "title": "Invoice",
  "timestamp": "2024-05-25T09:15:00Z"
}
 

 
11:23:55.829 [main] INFO  com.intuit.karate - [print] transaction.transactionId =  txn225 
---------------------------------------------------------
feature: classpath:tests/transactions/04-get-transactions-by-id.feature
scenarios:  1 | passed:  1 | failed:  0 | time: 3.4485
---------------------------------------------------------

11:23:56.126 [main] INFO  com.intuit.karate.Suite - <<pass>> feature 1 of 1 (0 remaining) classpath:tests/transactions/04-get-transactions-by-id.feature
Karate version: 1.5.1
======================================================
elapsed:   3.75 | threads:    1 | thread time: 3.45 
features:     1 | skipped:    0 | efficiency: 0.92
scenarios:    1 | passed:     1 | failed: 0
======================================================

HTML report: (paste into browser to view) | Karate version: 1.5.1
file:///Users/edls/NetBeansProjects/transaction-api/target/karate-reports/karate-summary.html
===================================================================


********** Files used to generate report **********
Using JSON file: /Users/edls/NetBeansProjects/transaction-api/target/karate-reports/tests.transactions.04-get-transactions-by-id.json
****************************************************
]]></system-out>
    <system-err><![CDATA[May 21, 2025 11:23:56 AM net.masterthought.cucumber.ReportParser parseJsonFiles
INFO: File '/Users/edls/NetBeansProjects/transaction-api/target/karate-reports/tests.transactions.04-get-transactions-by-id.json' contains 1 features
]]></system-err>
  </testcase>
  <testcase name="getTransactionsByIdBad" classname="tests.ParallelRunnerTest" time="0.412">
    <system-out><![CDATA[11:23:56.287 [main] DEBUG com.intuit.karate.Suite - [config] classpath:karate-config.js
11:23:56.287 [main] INFO  com.intuit.karate.Suite - backed up existing 'target/karate-reports' dir to: target/karate-reports_1747841036287
11:23:56.290 [main] INFO  com.intuit.karate - karate.env system property was: null 
11:23:56.294 [main] DEBUG c.intuit.karate.core.ScenarioEngine - over-writing existing variable 'transaction' with new value: __arg.transaction
11:23:56.295 [main] DEBUG com.intuit.karate - request:
1 > GET https://vx5846dgdj.execute-api.us-east-1.amazonaws.com/dev/transactions/txn2001xxx
1 > Content-Type: application/json; charset=UTF-8
1 > Content-Length: 128
1 > Host: vx5846dgdj.execute-api.us-east-1.amazonaws.com
1 > Connection: Keep-Alive
1 > User-Agent: Apache-HttpClient/4.5.14 (Java/23.0.1)
1 > Accept-Encoding: gzip,deflate
{"transactionId":"txn2001xxx","name":"Alice","title":"Payment","amount":555,"currency":"USD","timestamp":"2024-05-01T10:00:00Z"}

11:23:56.405 [main] DEBUG com.intuit.karate - response time in milliseconds: 109
1 < 404
1 < Date: Wed, 21 May 2025 15:23:56 GMT
1 < Content-Type: application/json
1 < Content-Length: 56
1 < Connection: close
1 < Apigw-Requestid: K7JyAg70IAMEZUQ=
{"message": "Transaction not found", "id": "txn2001xxx"}

11:23:56.408 [main] DEBUG c.intuit.karate.core.ScenarioEngine - over-writing existing variable 'transaction' with new value: __arg.transaction
11:23:56.409 [main] DEBUG com.intuit.karate - request:
1 > GET https://vx5846dgdj.execute-api.us-east-1.amazonaws.com/dev/transactions/txn2002xxx
1 > Content-Type: application/json; charset=UTF-8
1 > Content-Length: 126
1 > Host: vx5846dgdj.execute-api.us-east-1.amazonaws.com
1 > Connection: Keep-Alive
1 > User-Agent: Apache-HttpClient/4.5.14 (Java/23.0.1)
1 > Accept-Encoding: gzip,deflate
{"transactionId":"txn2002xxx","name":"Bob","title":"Invoice","amount":666,"currency":"USD","timestamp":"2024-05-02T15:30:00Z"}

11:23:56.544 [main] DEBUG com.intuit.karate - response time in milliseconds: 135
1 < 404
1 < Date: Wed, 21 May 2025 15:23:56 GMT
1 < Content-Type: application/json
1 < Content-Length: 56
1 < Connection: close
1 < Apigw-Requestid: K7JyBhXzIAMEZQg=
{"message": "Transaction not found", "id": "txn2002xxx"}

---------------------------------------------------------
feature: classpath:tests/transactions/05-get-transactions-by-id-bad.feature
scenarios:  1 | passed:  1 | failed:  0 | time: 0.2543
---------------------------------------------------------

11:23:56.598 [main] INFO  com.intuit.karate.Suite - <<pass>> feature 1 of 1 (0 remaining) classpath:tests/transactions/05-get-transactions-by-id-bad.feature
Karate version: 1.5.1
======================================================
elapsed:   0.31 | threads:    1 | thread time: 0.25 
features:     1 | skipped:    0 | efficiency: 0.81
scenarios:    1 | passed:     1 | failed: 0
======================================================

HTML report: (paste into browser to view) | Karate version: 1.5.1
file:///Users/edls/NetBeansProjects/transaction-api/target/karate-reports/karate-summary.html
===================================================================


********** Files used to generate report **********
Using JSON file: /Users/edls/NetBeansProjects/transaction-api/target/karate-reports/tests.transactions.05-get-transactions-by-id-bad.json
****************************************************
]]></system-out>
    <system-err><![CDATA[May 21, 2025 11:23:56 AM net.masterthought.cucumber.ReportParser parseJsonFiles
INFO: File '/Users/edls/NetBeansProjects/transaction-api/target/karate-reports/tests.transactions.05-get-transactions-by-id-bad.json' contains 1 features
]]></system-err>
  </testcase>
  <testcase name="updateTransactions" classname="tests.ParallelRunnerTest" time="6.332">
    <system-out><![CDATA[11:23:56.700 [main] DEBUG com.intuit.karate.Suite - [config] classpath:karate-config.js
11:23:56.700 [main] INFO  com.intuit.karate.Suite - backed up existing 'target/karate-reports' dir to: target/karate-reports_1747841036700
11:23:56.702 [main] INFO  com.intuit.karate - karate.env system property was: null 
11:23:56.708 [main] DEBUG c.intuit.karate.core.ScenarioEngine - over-writing existing variable 'transaction' with new value: __arg.transaction
11:23:56.710 [main] DEBUG c.intuit.karate.core.ScenarioEngine - over-writing existing variable 'transactionId' with new value: transaction.transactionId
11:23:56.714 [main] DEBUG com.intuit.karate - request:
1 > PUT https://vx5846dgdj.execute-api.us-east-1.amazonaws.com/dev/transactions/txn201
1 > Content-Type: application/json; charset=UTF-8
1 > Content-Length: 100
1 > Host: vx5846dgdj.execute-api.us-east-1.amazonaws.com
1 > Connection: Keep-Alive
1 > User-Agent: Apache-HttpClient/4.5.14 (Java/23.0.1)
1 > Accept-Encoding: gzip,deflate
{"name":"Alice","title":"Payment","amount":1100,"currency":"USD","timestamp":"2024-05-01T10:00:00Z"}

11:23:56.924 [main] DEBUG com.intuit.karate - response time in milliseconds: 210
1 < 200
1 < Date: Wed, 21 May 2025 15:23:57 GMT
1 < Content-Type: application/json
1 < Content-Length: 127
1 < Connection: keep-alive
1 < Apigw-Requestid: K7JyEhxZIAMEPfw=
{"amount": 1100.0, "currency": "USD", "id": "txn201", "name": "Alice", "timestamp": "2024-05-01T10:00:00Z", "title": "Payment"}

11:23:56.925 [main] DEBUG c.intuit.karate.core.ScenarioEngine - over-writing existing variable 'response' with new value: response
11:23:56.925 [main] INFO  com.intuit.karate - [print] 

 {
  "amount": 1100.0,
  "currency": "USD",
  "id": "txn201",
  "name": "Alice",
  "timestamp": "2024-05-01T10:00:00Z",
  "title": "Payment"
}
 

 
11:23:56.926 [main] INFO  com.intuit.karate - [print] transaction.transactionId =  txn201 
11:23:56.932 [main] DEBUG c.intuit.karate.core.ScenarioEngine - over-writing existing variable 'transaction' with new value: __arg.transaction
11:23:56.933 [main] DEBUG c.intuit.karate.core.ScenarioEngine - over-writing existing variable 'transactionId' with new value: transaction.transactionId
11:23:56.933 [main] DEBUG com.intuit.karate - request:
1 > PUT https://vx5846dgdj.execute-api.us-east-1.amazonaws.com/dev/transactions/txn202
1 > Content-Type: application/json; charset=UTF-8
1 > Content-Length: 98
1 > Host: vx5846dgdj.execute-api.us-east-1.amazonaws.com
1 > Connection: Keep-Alive
1 > User-Agent: Apache-HttpClient/4.5.14 (Java/23.0.1)
1 > Accept-Encoding: gzip,deflate
{"name":"Bob","title":"Invoice","amount":1200,"currency":"USD","timestamp":"2024-05-02T15:30:00Z"}

11:23:57.165 [main] DEBUG com.intuit.karate - response time in milliseconds: 231
1 < 200
1 < Date: Wed, 21 May 2025 15:23:57 GMT
1 < Content-Type: application/json
1 < Content-Length: 125
1 < Connection: keep-alive
1 < Apigw-Requestid: K7JyHj7SIAMEPVw=
{"amount": 1200.0, "currency": "USD", "id": "txn202", "name": "Bob", "timestamp": "2024-05-02T15:30:00Z", "title": "Invoice"}

11:23:57.166 [main] DEBUG c.intuit.karate.core.ScenarioEngine - over-writing existing variable 'response' with new value: response
11:23:57.166 [main] INFO  com.intuit.karate - [print] 

 {
  "amount": 1200.0,
  "currency": "USD",
  "id": "txn202",
  "name": "Bob",
  "timestamp": "2024-05-02T15:30:00Z",
  "title": "Invoice"
}
 

 
11:23:57.166 [main] INFO  com.intuit.karate - [print] transaction.transactionId =  txn202 
11:23:57.169 [main] DEBUG c.intuit.karate.core.ScenarioEngine - over-writing existing variable 'transaction' with new value: __arg.transaction
11:23:57.170 [main] DEBUG c.intuit.karate.core.ScenarioEngine - over-writing existing variable 'transactionId' with new value: transaction.transactionId
11:23:57.171 [main] DEBUG com.intuit.karate - request:
1 > PUT https://vx5846dgdj.execute-api.us-east-1.amazonaws.com/dev/transactions/txn203
1 > Content-Type: application/json; charset=UTF-8
1 > Content-Length: 101
1 > Host: vx5846dgdj.execute-api.us-east-1.amazonaws.com
1 > Connection: Keep-Alive
1 > User-Agent: Apache-HttpClient/4.5.14 (Java/23.0.1)
1 > Accept-Encoding: gzip,deflate
{"name":"Charlie","title":"Refund","amount":1150,"currency":"USD","timestamp":"2024-05-03T09:45:00Z"}

11:23:57.386 [main] DEBUG com.intuit.karate - response time in milliseconds: 214
1 < 200
1 < Date: Wed, 21 May 2025 15:23:57 GMT
1 < Content-Type: application/json
1 < Content-Length: 128
1 < Connection: keep-alive
1 < Apigw-Requestid: K7JyJheQoAMEPRA=
{"amount": 1150.0, "currency": "USD", "id": "txn203", "name": "Charlie", "timestamp": "2024-05-03T09:45:00Z", "title": "Refund"}

11:23:57.386 [main] DEBUG c.intuit.karate.core.ScenarioEngine - over-writing existing variable 'response' with new value: response
11:23:57.387 [main] INFO  com.intuit.karate - [print] 

 {
  "amount": 1150.0,
  "currency": "USD",
  "id": "txn203",
  "name": "Charlie",
  "timestamp": "2024-05-03T09:45:00Z",
  "title": "Refund"
}
 

 
11:23:57.387 [main] INFO  com.intuit.karate - [print] transaction.transactionId =  txn203 
11:23:57.391 [main] DEBUG c.intuit.karate.core.ScenarioEngine - over-writing existing variable 'transaction' with new value: __arg.transaction
11:23:57.391 [main] DEBUG c.intuit.karate.core.ScenarioEngine - over-writing existing variable 'transactionId' with new value: transaction.transactionId
11:23:57.392 [main] DEBUG com.intuit.karate - request:
1 > PUT https://vx5846dgdj.execute-api.us-east-1.amazonaws.com/dev/transactions/txn204
1 > Content-Type: application/json; charset=UTF-8
1 > Content-Length: 100
1 > Host: vx5846dgdj.execute-api.us-east-1.amazonaws.com
1 > Connection: Keep-Alive
1 > User-Agent: Apache-HttpClient/4.5.14 (Java/23.0.1)
1 > Accept-Encoding: gzip,deflate
{"name":"Diana","title":"Payment","amount":1250,"currency":"USD","timestamp":"2024-05-04T11:20:00Z"}

11:23:57.606 [main] DEBUG com.intuit.karate - response time in milliseconds: 213
1 < 200
1 < Date: Wed, 21 May 2025 15:23:57 GMT
1 < Content-Type: application/json
1 < Content-Length: 127
1 < Connection: keep-alive
1 < Apigw-Requestid: K7JyLhm-IAMEPPg=
{"amount": 1250.0, "currency": "USD", "id": "txn204", "name": "Diana", "timestamp": "2024-05-04T11:20:00Z", "title": "Payment"}

11:23:57.606 [main] DEBUG c.intuit.karate.core.ScenarioEngine - over-writing existing variable 'response' with new value: response
11:23:57.607 [main] INFO  com.intuit.karate - [print] 

 {
  "amount": 1250.0,
  "currency": "USD",
  "id": "txn204",
  "name": "Diana",
  "timestamp": "2024-05-04T11:20:00Z",
  "title": "Payment"
}
 

 
11:23:57.607 [main] INFO  com.intuit.karate - [print] transaction.transactionId =  txn204 
11:23:57.613 [main] DEBUG c.intuit.karate.core.ScenarioEngine - over-writing existing variable 'transaction' with new value: __arg.transaction
11:23:57.613 [main] DEBUG c.intuit.karate.core.ScenarioEngine - over-writing existing variable 'transactionId' with new value: transaction.transactionId
11:23:57.615 [main] DEBUG com.intuit.karate - request:
1 > PUT https://vx5846dgdj.execute-api.us-east-1.amazonaws.com/dev/transactions/txn205
1 > Content-Type: application/json; charset=UTF-8
1 > Content-Length: 100
1 > Host: vx5846dgdj.execute-api.us-east-1.amazonaws.com
1 > Connection: Keep-Alive
1 > User-Agent: Apache-HttpClient/4.5.14 (Java/23.0.1)
1 > Accept-Encoding: gzip,deflate
{"name":"Ethan","title":"Invoice","amount":1300,"currency":"USD","timestamp":"2024-05-05T13:10:00Z"}

[...]
1 > Host: vx5846dgdj.execute-api.us-east-1.amazonaws.com
1 > Connection: Keep-Alive
1 > User-Agent: Apache-HttpClient/4.5.14 (Java/23.0.1)
1 > Accept-Encoding: gzip,deflate


11:24:04.046 [main] DEBUG com.intuit.karate - response time in milliseconds: 161
1 < 200
1 < Date: Wed, 21 May 2025 15:24:04 GMT
1 < Content-Type: application/json
1 < Content-Length: 34
1 < Connection: keep-alive
1 < Apigw-Requestid: K7JzMhr6IAMEZtg=
{"message": "Transaction deleted"}

11:24:04.049 [main] DEBUG c.intuit.karate.core.ScenarioEngine - over-writing existing variable 'transaction' with new value: __arg.transaction
11:24:04.050 [main] DEBUG com.intuit.karate - request:
1 > DELETE https://vx5846dgdj.execute-api.us-east-1.amazonaws.com/dev/transactions/txn202
1 > Host: vx5846dgdj.execute-api.us-east-1.amazonaws.com
1 > Connection: Keep-Alive
1 > User-Agent: Apache-HttpClient/4.5.14 (Java/23.0.1)
1 > Accept-Encoding: gzip,deflate


11:24:04.225 [main] DEBUG com.intuit.karate - response time in milliseconds: 174
1 < 200
1 < Date: Wed, 21 May 2025 15:24:04 GMT
1 < Content-Type: application/json
1 < Content-Length: 34
1 < Connection: keep-alive
1 < Apigw-Requestid: K7JzOiDVoAMEPRQ=
{"message": "Transaction deleted"}

11:24:04.228 [main] DEBUG c.intuit.karate.core.ScenarioEngine - over-writing existing variable 'transaction' with new value: __arg.transaction
11:24:04.229 [main] DEBUG com.intuit.karate - request:
1 > DELETE https://vx5846dgdj.execute-api.us-east-1.amazonaws.com/dev/transactions/txn203
1 > Host: vx5846dgdj.execute-api.us-east-1.amazonaws.com
1 > Connection: Keep-Alive
1 > User-Agent: Apache-HttpClient/4.5.14 (Java/23.0.1)
1 > Accept-Encoding: gzip,deflate


11:24:04.429 [main] DEBUG com.intuit.karate - response time in milliseconds: 200
1 < 200
1 < Date: Wed, 21 May 2025 15:24:04 GMT
1 < Content-Type: application/json
1 < Content-Length: 34
1 < Connection: keep-alive
1 < Apigw-Requestid: K7JzQi9_IAMEP2g=
{"message": "Transaction deleted"}

11:24:04.432 [main] DEBUG c.intuit.karate.core.ScenarioEngine - over-writing existing variable 'transaction' with new value: __arg.transaction
11:24:04.433 [main] DEBUG com.intuit.karate - request:
1 > DELETE https://vx5846dgdj.execute-api.us-east-1.amazonaws.com/dev/transactions/txn204
1 > Host: vx5846dgdj.execute-api.us-east-1.amazonaws.com
1 > Connection: Keep-Alive
1 > User-Agent: Apache-HttpClient/4.5.14 (Java/23.0.1)
1 > Accept-Encoding: gzip,deflate


11:24:04.603 [main] DEBUG com.intuit.karate - response time in milliseconds: 169
1 < 200
1 < Date: Wed, 21 May 2025 15:24:04 GMT
1 < Content-Type: application/json
1 < Content-Length: 34
1 < Connection: keep-alive
1 < Apigw-Requestid: K7JzSigjIAMEZaw=
{"message": "Transaction deleted"}

11:24:04.605 [main] DEBUG c.intuit.karate.core.ScenarioEngine - over-writing existing variable 'transaction' with new value: __arg.transaction
11:24:04.606 [main] DEBUG com.intuit.karate - request:
1 > DELETE https://vx5846dgdj.execute-api.us-east-1.amazonaws.com/dev/transactions/txn205
1 > Host: vx5846dgdj.execute-api.us-east-1.amazonaws.com
1 > Connection: Keep-Alive
1 > User-Agent: Apache-HttpClient/4.5.14 (Java/23.0.1)
1 > Accept-Encoding: gzip,deflate


11:24:04.763 [main] DEBUG com.intuit.karate - response time in milliseconds: 157
1 < 200
1 < Date: Wed, 21 May 2025 15:24:04 GMT
1 < Content-Type: application/json
1 < Content-Length: 34
1 < Connection: keep-alive
1 < Apigw-Requestid: K7JzTjLyIAMEZ4Q=
{"message": "Transaction deleted"}

11:24:04.766 [main] DEBUG c.intuit.karate.core.ScenarioEngine - over-writing existing variable 'transaction' with new value: __arg.transaction
11:24:04.767 [main] DEBUG com.intuit.karate - request:
1 > DELETE https://vx5846dgdj.execute-api.us-east-1.amazonaws.com/dev/transactions/txn206
1 > Host: vx5846dgdj.execute-api.us-east-1.amazonaws.com
1 > Connection: Keep-Alive
1 > User-Agent: Apache-HttpClient/4.5.14 (Java/23.0.1)
1 > Accept-Encoding: gzip,deflate


11:24:04.942 [main] DEBUG com.intuit.karate - response time in milliseconds: 175
1 < 200
1 < Date: Wed, 21 May 2025 15:24:05 GMT
1 < Content-Type: application/json
1 < Content-Length: 34
1 < Connection: keep-alive
1 < Apigw-Requestid: K7JzViqRIAMEPNg=
{"message": "Transaction deleted"}

11:24:04.945 [main] DEBUG c.intuit.karate.core.ScenarioEngine - over-writing existing variable 'transaction' with new value: __arg.transaction
11:24:04.946 [main] DEBUG com.intuit.karate - request:
1 > DELETE https://vx5846dgdj.execute-api.us-east-1.amazonaws.com/dev/transactions/txn207
1 > Host: vx5846dgdj.execute-api.us-east-1.amazonaws.com
1 > Connection: Keep-Alive
1 > User-Agent: Apache-HttpClient/4.5.14 (Java/23.0.1)
1 > Accept-Encoding: gzip,deflate


11:24:05.143 [main] DEBUG com.intuit.karate - response time in milliseconds: 196
1 < 200
1 < Date: Wed, 21 May 2025 15:24:05 GMT
1 < Content-Type: application/json
1 < Content-Length: 34
1 < Connection: keep-alive
1 < Apigw-Requestid: K7JzXhJ9IAMEPmg=
{"message": "Transaction deleted"}

11:24:05.146 [main] DEBUG c.intuit.karate.core.ScenarioEngine - over-writing existing variable 'transaction' with new value: __arg.transaction
11:24:05.146 [main] DEBUG com.intuit.karate - request:
1 > DELETE https://vx5846dgdj.execute-api.us-east-1.amazonaws.com/dev/transactions/txn208
1 > Host: vx5846dgdj.execute-api.us-east-1.amazonaws.com
1 > Connection: Keep-Alive
1 > User-Agent: Apache-HttpClient/4.5.14 (Java/23.0.1)
1 > Accept-Encoding: gzip,deflate


11:24:05.341 [main] DEBUG com.intuit.karate - response time in milliseconds: 195
1 < 200
1 < Date: Wed, 21 May 2025 15:24:05 GMT
1 < Content-Type: application/json
1 < Content-Length: 34
1 < Connection: keep-alive
1 < Apigw-Requestid: K7JzZgVQIAMEZgw=
{"message": "Transaction deleted"}

11:24:05.344 [main] DEBUG c.intuit.karate.core.ScenarioEngine - over-writing existing variable 'transaction' with new value: __arg.transaction
11:24:05.345 [main] DEBUG com.intuit.karate - request:
1 > DELETE https://vx5846dgdj.execute-api.us-east-1.amazonaws.com/dev/transactions/txn209
1 > Host: vx5846dgdj.execute-api.us-east-1.amazonaws.com
1 > Connection: Keep-Alive
1 > User-Agent: Apache-HttpClient/4.5.14 (Java/23.0.1)
1 > Accept-Encoding: gzip,deflate


11:24:05.503 [main] DEBUG com.intuit.karate - response time in milliseconds: 158
1 < 200
1 < Date: Wed, 21 May 2025 15:24:05 GMT
1 < Content-Type: application/json
1 < Content-Length: 34
1 < Connection: keep-alive
1 < Apigw-Requestid: K7Jzbj3RIAMEZ8A=
{"message": "Transaction deleted"}

11:24:05.506 [main] DEBUG c.intuit.karate.core.ScenarioEngine - over-writing existing variable 'transaction' with new value: __arg.transaction
11:24:05.507 [main] DEBUG com.intuit.karate - request:
1 > DELETE https://vx5846dgdj.execute-api.us-east-1.amazonaws.com/dev/transactions/txn210
1 > Host: vx5846dgdj.execute-api.us-east-1.amazonaws.com
1 > Connection: Keep-Alive
1 > User-Agent: Apache-HttpClient/4.5.14 (Java/23.0.1)
1 > Accept-Encoding: gzip,deflate


11:24:05.684 [main] DEBUG com.intuit.karate - response time in milliseconds: 176
1 < 200
1 < Date: Wed, 21 May 2025 15:24:05 GMT
1 < Content-Type: application/json
1 < Content-Length: 34
1 < Connection: keep-alive
1 < Apigw-Requestid: K7JzchMUIAMEZKg=
{"message": "Transaction deleted"}

11:24:05.687 [main] DEBUG c.intuit.karate.core.ScenarioEngine - over-writing existing variable 'transaction' with new value: __arg.transaction
11:24:05.687 [main] DEBUG com.intuit.karate - request:
1 > DELETE https://vx5846dgdj.execute-api.us-east-1.amazonaws.com/dev/transactions/txn211
1 > Host: vx5846dgdj.execute-api.us-east-1.amazonaws.com
1 > Connection: Keep-Alive
1 > User-Agent: Apache-HttpClient/4.5.14 (Java/23.0.1)
1 > Accept-Encoding: gzip,deflate


11:24:05.862 [main] DEBUG com.intuit.karate - response time in milliseconds: 175
1 < 200
1 < Date: Wed, 21 May 2025 15:24:05 GMT
1 < Content-Type: application/json
1 < Content-Length: 34
1 < Connection: keep-alive
1 < Apigw-Requestid: K7JzehGxoAMEZhw=
{"message": "Transaction deleted"}

11:24:05.865 [main] DEBUG c.intuit.karate.core.ScenarioEngine - over-writing existing variable 'transaction' with new value: __arg.transaction
11:24:05.866 [main] DEBUG com.intuit.karate - request:
1 > DELETE https://vx5846dgdj.execute-api.us-east-1.amazonaws.com/dev/transactions/txn212
1 > Host: vx5846dgdj.execute-api.us-east-1.amazonaws.com
1 > Connection: Keep-Alive
1 > User-Agent: Apache-HttpClient/4.5.14 (Java/23.0.1)
1 > Accept-Encoding: gzip,deflate


11:24:06.044 [main] DEBUG com.intuit.karate - response time in milliseconds: 178
1 < 200
1 < Date: Wed, 21 May 2025 15:24:06 GMT
1 < Content-Type: application/json
1 < Content-Length: 34
1 < Connection: keep-alive
1 < Apigw-Requestid: K7JzgghCIAMEZMg=
{"message": "Transaction deleted"}

11:24:06.047 [main] DEBUG c.intuit.karate.core.ScenarioEngine - over-writing existing variable 'transaction' with new value: __arg.transaction
11:24:06.048 [main] DEBUG com.intuit.karate - request:
1 > DELETE https://vx5846dgdj.execute-api.us-east-1.amazonaws.com/dev/transactions/txn213
1 > Host: vx5846dgdj.execute-api.us-east-1.amazonaws.com
1 > Connection: Keep-Alive
1 > User-Agent: Apache-HttpClient/4.5.14 (Java/23.0.1)
1 > Accept-Encoding: gzip,deflate


11:24:06.240 [main] DEBUG com.intuit.karate - response time in milliseconds: 192
1 < 200
1 < Date: Wed, 21 May 2025 15:24:06 GMT
1 < Content-Type: application/json
1 < Content-Length: 34
1 < Connection: keep-alive
1 < Apigw-Requestid: K7JziilioAMEZLg=
{"message": "Transaction deleted"}

11:24:06.243 [main] DEBUG c.intuit.karate.core.ScenarioEngine - over-writing existing variable 'transaction' with new value: __arg.transaction
11:24:06.244 [main] DEBUG com.intuit.karate - request:
1 > DELETE https://vx5846dgdj.execute-api.us-east-1.amazonaws.com/dev/transactions/txn214
1 > Host: vx5846dgdj.execute-api.us-east-1.amazonaws.com
1 > Connection: Keep-Alive
1 > User-Agent: Apache-HttpClient/4.5.14 (Java/23.0.1)
1 > Accept-Encoding: gzip,deflate


11:24:06.406 [main] DEBUG com.intuit.karate - response time in milliseconds: 161
1 < 200
1 < Date: Wed, 21 May 2025 15:24:06 GMT
1 < Content-Type: application/json
1 < Content-Length: 34
1 < Connection: keep-alive
1 < Apigw-Requestid: K7Jzkg7KoAMEZnQ=
{"message": "Transaction deleted"}

11:24:06.408 [main] DEBUG c.intuit.karate.core.ScenarioEngine - over-writing existing variable 'transaction' with new value: __arg.transaction
11:24:06.409 [main] DEBUG com.intuit.karate - request:
1 > DELETE https://vx5846dgdj.execute-api.us-east-1.amazonaws.com/dev/transactions/txn215
1 > Host: vx5846dgdj.execute-api.us-east-1.amazonaws.com
1 > Connection: Keep-Alive
1 > User-Agent: Apache-HttpClient/4.5.14 (Java/23.0.1)
1 > Accept-Encoding: gzip,deflate


11:24:06.584 [main] DEBUG com.intuit.karate - response time in milliseconds: 175
1 < 200
1 < Date: Wed, 21 May 2025 15:24:06 GMT
1 < Content-Type: application/json
1 < Content-Length: 34
1 < Connection: keep-alive
1 < Apigw-Requestid: K7JzlhIaIAMEZDQ=
{"message": "Transaction deleted"}

11:24:06.587 [main] DEBUG c.intuit.karate.core.ScenarioEngine - over-writing existing variable 'transaction' with new value: __arg.transaction
11:24:06.588 [main] DEBUG com.intuit.karate - request:
1 > DELETE https://vx5846dgdj.execute-api.us-east-1.amazonaws.com/dev/transactions/txn216
1 > Host: vx5846dgdj.execute-api.us-east-1.amazonaws.com
1 > Connection: Keep-Alive
1 > User-Agent: Apache-HttpClient/4.5.14 (Java/23.0.1)
1 > Accept-Encoding: gzip,deflate


11:24:06.784 [main] DEBUG com.intuit.karate - response time in milliseconds: 195
1 < 200
1 < Date: Wed, 21 May 2025 15:24:06 GMT
1 < Content-Type: application/json
1 < Content-Length: 34
1 < Connection: keep-alive
1 < Apigw-Requestid: K7Jznj5IIAMEPxA=
{"message": "Transaction deleted"}

11:24:06.786 [main] DEBUG c.intuit.karate.core.ScenarioEngine - over-writing existing variable 'transaction' with new value: __arg.transaction
11:24:06.787 [main] DEBUG com.intuit.karate - request:
1 > DELETE https://vx5846dgdj.execute-api.us-east-1.amazonaws.com/dev/transactions/txn217
1 > Host: vx5846dgdj.execute-api.us-east-1.amazonaws.com
1 > Connection: Keep-Alive
1 > User-Agent: Apache-HttpClient/4.5.14 (Java/23.0.1)
1 > Accept-Encoding: gzip,deflate


11:24:07.003 [main] DEBUG com.intuit.karate - response time in milliseconds: 215
1 < 200
1 < Date: Wed, 21 May 2025 15:24:07 GMT
1 < Content-Type: application/json
1 < Content-Length: 34
1 < Connection: keep-alive
1 < Apigw-Requestid: K7JzpiSFoAMEZ_Q=
{"message": "Transaction deleted"}

11:24:07.006 [main] DEBUG c.intuit.karate.core.ScenarioEngine - over-writing existing variable 'transaction' with new value: __arg.transaction
11:24:07.006 [main] DEBUG com.intuit.karate - request:
1 > DELETE https://vx5846dgdj.execute-api.us-east-1.amazonaws.com/dev/transactions/txn218
1 > Host: vx5846dgdj.execute-api.us-east-1.amazonaws.com
1 > Connection: Keep-Alive
1 > User-Agent: Apache-HttpClient/4.5.14 (Java/23.0.1)
1 > Accept-Encoding: gzip,deflate


11:24:07.182 [main] DEBUG com.intuit.karate - response time in milliseconds: 176
1 < 200
1 < Date: Wed, 21 May 2025 15:24:07 GMT
1 < Content-Type: application/json
1 < Content-Length: 34
1 < Connection: keep-alive
1 < Apigw-Requestid: K7JzriUsIAMEZNg=
{"message": "Transaction deleted"}

11:24:07.185 [main] DEBUG c.intuit.karate.core.ScenarioEngine - over-writing existing variable 'transaction' with new value: __arg.transaction
11:24:07.186 [main] DEBUG com.intuit.karate - request:
1 > DELETE https://vx5846dgdj.execute-api.us-east-1.amazonaws.com/dev/transactions/txn219
1 > Host: vx5846dgdj.execute-api.us-east-1.amazonaws.com
1 > Connection: Keep-Alive
1 > User-Agent: Apache-HttpClient/4.5.14 (Java/23.0.1)
1 > Accept-Encoding: gzip,deflate


11:24:07.363 [main] DEBUG com.intuit.karate - response time in milliseconds: 177
1 < 200
1 < Date: Wed, 21 May 2025 15:24:07 GMT
1 < Content-Type: application/json
1 < Content-Length: 34
1 < Connection: keep-alive
1 < Apigw-Requestid: K7JztiTtIAMEP3A=
{"message": "Transaction deleted"}

11:24:07.366 [main] DEBUG c.intuit.karate.core.ScenarioEngine - over-writing existing variable 'transaction' with new value: __arg.transaction
11:24:07.367 [main] DEBUG com.intuit.karate - request:
1 > DELETE https://vx5846dgdj.execute-api.us-east-1.amazonaws.com/dev/transactions/txn220
1 > Host: vx5846dgdj.execute-api.us-east-1.amazonaws.com
1 > Connection: Keep-Alive
1 > User-Agent: Apache-HttpClient/4.5.14 (Java/23.0.1)
1 > Accept-Encoding: gzip,deflate


11:24:07.524 [main] DEBUG com.intuit.karate - response time in milliseconds: 156
1 < 200
1 < Date: Wed, 21 May 2025 15:24:07 GMT
1 < Content-Type: application/json
1 < Content-Length: 34
1 < Connection: keep-alive
1 < Apigw-Requestid: K7Jzvh6ZoAMEPNw=
{"message": "Transaction deleted"}

11:24:07.527 [main] DEBUG c.intuit.karate.core.ScenarioEngine - over-writing existing variable 'transaction' with new value: __arg.transaction
11:24:07.527 [main] DEBUG com.intuit.karate - request:
1 > DELETE https://vx5846dgdj.execute-api.us-east-1.amazonaws.com/dev/transactions/txn221
1 > Host: vx5846dgdj.execute-api.us-east-1.amazonaws.com
1 > Connection: Keep-Alive
1 > User-Agent: Apache-HttpClient/4.5.14 (Java/23.0.1)
1 > Accept-Encoding: gzip,deflate


11:24:07.703 [main] DEBUG com.intuit.karate - response time in milliseconds: 175
1 < 200
1 < Date: Wed, 21 May 2025 15:24:07 GMT
1 < Content-Type: application/json
1 < Content-Length: 34
1 < Connection: keep-alive
1 < Apigw-Requestid: K7JzxjioIAMEPKw=
{"message": "Transaction deleted"}

11:24:07.706 [main] DEBUG c.intuit.karate.core.ScenarioEngine - over-writing existing variable 'transaction' with new value: __arg.transaction
11:24:07.707 [main] DEBUG com.intuit.karate - request:
1 > DELETE https://vx5846dgdj.execute-api.us-east-1.amazonaws.com/dev/transactions/txn222
1 > Host: vx5846dgdj.execute-api.us-east-1.amazonaws.com
1 > Connection: Keep-Alive
1 > User-Agent: Apache-HttpClient/4.5.14 (Java/23.0.1)
1 > Accept-Encoding: gzip,deflate


11:24:07.883 [main] DEBUG com.intuit.karate - response time in milliseconds: 175
1 < 200
1 < Date: Wed, 21 May 2025 15:24:07 GMT
1 < Content-Type: application/json
1 < Content-Length: 34
1 < Connection: keep-alive
1 < Apigw-Requestid: K7JzyhinIAMEPCA=
{"message": "Transaction deleted"}

11:24:07.886 [main] DEBUG c.intuit.karate.core.ScenarioEngine - over-writing existing variable 'transaction' with new value: __arg.transaction
11:24:07.886 [main] DEBUG com.intuit.karate - request:
1 > DELETE https://vx5846dgdj.execute-api.us-east-1.amazonaws.com/dev/transactions/txn223
1 > Host: vx5846dgdj.execute-api.us-east-1.amazonaws.com
1 > Connection: Keep-Alive
1 > User-Agent: Apache-HttpClient/4.5.14 (Java/23.0.1)
1 > Accept-Encoding: gzip,deflate


11:24:08.063 [main] DEBUG com.intuit.karate - response time in milliseconds: 176
1 < 200
1 < Date: Wed, 21 May 2025 15:24:08 GMT
1 < Content-Type: application/json
1 < Content-Length: 34
1 < Connection: keep-alive
1 < Apigw-Requestid: K7Jz0hvYIAMEPtA=
{"message": "Transaction deleted"}

11:24:08.066 [main] DEBUG c.intuit.karate.core.ScenarioEngine - over-writing existing variable 'transaction' with new value: __arg.transaction
11:24:08.066 [main] DEBUG com.intuit.karate - request:
1 > DELETE https://vx5846dgdj.execute-api.us-east-1.amazonaws.com/dev/transactions/txn224
1 > Host: vx5846dgdj.execute-api.us-east-1.amazonaws.com
1 > Connection: Keep-Alive
1 > User-Agent: Apache-HttpClient/4.5.14 (Java/23.0.1)
1 > Accept-Encoding: gzip,deflate


11:24:08.222 [main] DEBUG com.intuit.karate - response time in milliseconds: 155
1 < 200
1 < Date: Wed, 21 May 2025 15:24:08 GMT
1 < Content-Type: application/json
1 < Content-Length: 34
1 < Connection: keep-alive
1 < Apigw-Requestid: K7Jz2iGRoAMEPSw=
{"message": "Transaction deleted"}

11:24:08.225 [main] DEBUG c.intuit.karate.core.ScenarioEngine - over-writing existing variable 'transaction' with new value: __arg.transaction
11:24:08.225 [main] DEBUG com.intuit.karate - request:
1 > DELETE https://vx5846dgdj.execute-api.us-east-1.amazonaws.com/dev/transactions/txn225
1 > Host: vx5846dgdj.execute-api.us-east-1.amazonaws.com
1 > Connection: Keep-Alive
1 > User-Agent: Apache-HttpClient/4.5.14 (Java/23.0.1)
1 > Accept-Encoding: gzip,deflate


11:24:08.403 [main] DEBUG com.intuit.karate - response time in milliseconds: 178
1 < 200
1 < Date: Wed, 21 May 2025 15:24:08 GMT
1 < Content-Type: application/json
1 < Content-Length: 34
1 < Connection: keep-alive
1 < Apigw-Requestid: K7Jz4jUeoAMEP0g=
{"message": "Transaction deleted"}

---------------------------------------------------------
feature: classpath:tests/transactions/09-delete-transactions.feature
scenarios:  1 | passed:  1 | failed:  0 | time: 4.5228
---------------------------------------------------------

11:24:08.499 [main] INFO  com.intuit.karate.Suite - <<pass>> feature 1 of 1 (0 remaining) classpath:tests/transactions/09-delete-transactions.feature
Karate version: 1.5.1
======================================================
elapsed:   4.62 | threads:    1 | thread time: 4.52 
features:     1 | skipped:    0 | efficiency: 0.98
scenarios:    1 | passed:     1 | failed: 0
======================================================

HTML report: (paste into browser to view) | Karate version: 1.5.1
file:///Users/edls/NetBeansProjects/transaction-api/target/karate-reports/karate-summary.html
===================================================================


********** Files used to generate report **********
Using JSON file: /Users/edls/NetBeansProjects/transaction-api/target/karate-reports/tests.transactions.09-delete-transactions.json
****************************************************
]]></system-out>
    <system-err><![CDATA[May 21, 2025 11:24:08 AM net.masterthought.cucumber.ReportParser parseJsonFiles
INFO: File '/Users/edls/NetBeansProjects/transaction-api/target/karate-reports/tests.transactions.09-delete-transactions.json' contains 1 features
]]></system-err>
  </testcase>
</testsuite>