-------------------------------------------------------------------------------
Test set: tests.transactions.TransactionsRunnerTest
-------------------------------------------------------------------------------
Tests run: 1, Failures: 0, Errors: 1, Skipped: 0, Time elapsed: 0.584 s <<< FAILURE! - in tests.transactions.TransactionsRunnerTest
tests.transactions.TransactionsRunnerTest.testTransactions  Time elapsed: 0.58 s  <<< ERROR!
java.lang.RuntimeException: not found: tests/transactions/create-transactions.feature
	at com.intuit.karate.resource.ResourceUtils.getResource(ResourceUtils.java:126)
	at com.intuit.karate.resource.ResourceUtils.findFeatureFiles(ResourceUtils.java:87)
	at com.intuit.karate.Runner$Builder.resolveAll(Runner.java:261)
	at com.intuit.karate.Suite.<init>(Suite.java:171)
	at com.intuit.karate.junit5.Karate.iterator(Karate.java:59)
	at java.base/java.lang.Iterable.spliterator(Iterable.java:101)
	at java.base/java.util.ArrayList.forEach(ArrayList.java:1597)
	at java.base/java.util.ArrayList.forEach(ArrayList.java:1597)

